[${project.name}][${env:SERVER_PORT}] 2022-04-05 20:36:58,143 INFO
            [main][AbstractTestContextBootstrapper.java:308] - Neither @ContextConfiguration nor @ContextHierarchy found for test class [com.shanjupay.merchant.TokenTemp], using SpringBootContextLoader
[${project.name}][${env:SERVER_PORT}] 2022-04-05 20:36:58,203 INFO
            [main][AbstractContextLoader.java:264] - Could not detect default resource locations for test class [com.shanjupay.merchant.TokenTemp]: no resource found for suffixes {-context.xml, Context.groovy}.
[${project.name}][${env:SERVER_PORT}] 2022-04-05 20:36:58,215 INFO
            [main][AnnotationConfigContextLoaderUtils.java:83] - Could not detect default configuration classes for test class [com.shanjupay.merchant.TokenTemp]: TokenTemp does not declare any static, non-private, non-final, nested classes annotated with @Configuration.
[${project.name}][${env:SERVER_PORT}] 2022-04-05 20:36:58,784 INFO
            [main][SpringBootTestContextBootstrapper.java:247] - Found @SpringBootConfiguration com.shanjupay.merchant.MerchantApplicationBootstrap for test class com.shanjupay.merchant.TokenTemp
[${project.name}][${env:SERVER_PORT}] 2022-04-05 20:36:59,469 INFO
            [main][AbstractTestContextBootstrapper.java:248] - Loaded default TestExecutionListener class names from location [META-INF/spring.factories]: [org.springframework.boot.test.mock.mockito.MockitoTestExecutionListener, org.springframework.boot.test.mock.mockito.ResetMocksTestExecutionListener, org.springframework.boot.test.autoconfigure.restdocs.RestDocsTestExecutionListener, org.springframework.boot.test.autoconfigure.web.client.MockRestServiceServerResetTestExecutionListener, org.springframework.boot.test.autoconfigure.web.servlet.MockMvcPrintOnlyOnFailureTestExecutionListener, org.springframework.boot.test.autoconfigure.web.servlet.WebDriverTestExecutionListener, org.springframework.test.context.web.ServletTestExecutionListener, org.springframework.test.context.support.DirtiesContextBeforeModesTestExecutionListener, org.springframework.test.context.support.DependencyInjectionTestExecutionListener, org.springframework.test.context.support.DirtiesContextTestExecutionListener, org.springframework.test.context.transaction.TransactionalTestExecutionListener, org.springframework.test.context.jdbc.SqlScriptsTestExecutionListener]
[${project.name}][${env:SERVER_PORT}] 2022-04-05 20:36:59,557 INFO
            [main][AbstractTestContextBootstrapper.java:177] - Using TestExecutionListeners: [org.springframework.test.context.web.ServletTestExecutionListener@7d3e8655, org.springframework.test.context.support.DirtiesContextBeforeModesTestExecutionListener@7dfb0c0f, org.springframework.boot.test.mock.mockito.MockitoTestExecutionListener@626abbd0, org.springframework.boot.test.autoconfigure.SpringBootDependencyInjectionTestExecutionListener@169bb4dd, org.springframework.test.context.support.DirtiesContextTestExecutionListener@1f9e9475, org.springframework.boot.test.mock.mockito.ResetMocksTestExecutionListener@3aa078fd, org.springframework.boot.test.autoconfigure.restdocs.RestDocsTestExecutionListener@d23e042, org.springframework.boot.test.autoconfigure.web.client.MockRestServiceServerResetTestExecutionListener@46d59067, org.springframework.boot.test.autoconfigure.web.servlet.MockMvcPrintOnlyOnFailureTestExecutionListener@2d0399f4, org.springframework.boot.test.autoconfigure.web.servlet.WebDriverTestExecutionListener@14dd7b39]
[${project.name}][${env:SERVER_PORT}] 2022-04-05 20:37:02,148 INFO
            [main][:] - using logger: org.apache.dubbo.common.logger.slf4j.Slf4jLoggerAdapter
[${project.name}][${env:SERVER_PORT}] 2022-04-05 20:37:02,161 INFO
            [main][WelcomeLogoApplicationListener.java:63] - 

 :: Dubbo Spring Boot (v2.7.1) : https://github.com/apache/incubator-dubbo-spring-boot-project
 :: Dubbo (v2.7.3) : https://github.com/apache/incubator-dubbo
 :: Discuss group : dev@dubbo.apache.org

[${project.name}][${env:SERVER_PORT}] 2022-04-05 20:37:02,175 INFO
            [main][OverrideDubboConfigApplicationListener.java:68] - Dubbo Config was overridden by externalized configuration {dubbo.application.name=merchant-application, dubbo.application.qos-enable=false, dubbo.application.qos.port=22310, dubbo.config.multiple=true, dubbo.consumer.check=false, dubbo.consumer.retries=-1, dubbo.consumer.timeout=3000, dubbo.protocol.name=dubbo, dubbo.protocol.port=20891, dubbo.registry.address=nacos://127.0.0.1:8848, dubbo.scan.base-packages=com.shanjupay}
[${project.name}][${env:SERVER_PORT}] 2022-04-05 20:37:03,360 INFO
            [main][PostProcessorRegistrationDelegate.java:330] - Bean 'org.springframework.cloud.autoconfigure.ConfigurationPropertiesRebinderAutoConfiguration' of type [org.springframework.cloud.autoconfigure.ConfigurationPropertiesRebinderAutoConfiguration$$EnhancerBySpringCGLIB$$7126f531] is not eligible for getting processed by all BeanPostProcessors (for example: not eligible for auto-proxying)
[${project.name}][${env:SERVER_PORT}] 2022-04-05 20:37:03,600 INFO
            [pool-3-thread-1][AwaitingNonWebApplicationListener.java:140] -  [Dubbo] Current Spring Boot Application is await...
[${project.name}][${env:SERVER_PORT}] 2022-04-05 20:37:05,506 INFO
            [main][OverrideDubboConfigApplicationListener.java:68] - Dubbo Config was overridden by externalized configuration {dubbo.application.name=merchant-application, dubbo.application.qos-enable=false, dubbo.application.qos.port=22310, dubbo.config.multiple=true, dubbo.consumer.check=false, dubbo.consumer.retries=-1, dubbo.consumer.timeout=3000, dubbo.protocol.name=dubbo, dubbo.protocol.port=20891, dubbo.registry.address=nacos://127.0.0.1:8848, dubbo.scan.base-packages=com.shanjupay}
[${project.name}][${env:SERVER_PORT}] 2022-04-05 20:37:07,390 INFO
            [main][NacosPropertySourceBuilder.java:87] - Loading nacos data, dataId: 'spring-boot-http.yaml', group: 'COMMON_GROUP'
[${project.name}][${env:SERVER_PORT}] 2022-04-05 20:37:07,407 INFO
            [main][NacosPropertySourceBuilder.java:87] - Loading nacos data, dataId: 'merchant-application.yaml', group: 'SHANJUPAY_GROUP'
[${project.name}][${env:SERVER_PORT}] 2022-04-05 20:37:07,411 INFO
            [main][PropertySourceBootstrapConfiguration.java:98] - Located property source: CompositePropertySource {name='NACOS', propertySources=[NacosPropertySource {name='merchant-application.yaml'}, NacosPropertySource {name='spring-boot-http.yaml'}]}
[${project.name}][${env:SERVER_PORT}] 2022-04-05 20:37:07,474 INFO
            [main][SpringApplication.java:675] - No active profile set, falling back to default profiles: default
[${project.name}][${env:SERVER_PORT}] 2022-04-05 20:37:09,525 WARN
            [main][EndpointId.java:135] - Endpoint ID 'nacos-config' contains invalid characters, please migrate to a valid format.
[${project.name}][${env:SERVER_PORT}] 2022-04-05 20:37:09,532 WARN
            [main][EndpointId.java:135] - Endpoint ID 'nacos-discovery' contains invalid characters, please migrate to a valid format.
[${project.name}][${env:SERVER_PORT}] 2022-04-05 20:37:09,558 INFO
            [main][DubboConfigBindingRegistrar.java:127] - The dubbo config bean definition [name : org.apache.dubbo.config.ApplicationConfig#0, class : org.apache.dubbo.config.ApplicationConfig] has been registered.
[${project.name}][${env:SERVER_PORT}] 2022-04-05 20:37:09,560 INFO
            [main][DubboConfigBindingRegistrar.java:151] - The BeanPostProcessor bean definition [org.apache.dubbo.config.spring.beans.factory.annotation.DubboConfigBindingBeanPostProcessor] for dubbo config bean [name : org.apache.dubbo.config.ApplicationConfig#0] has been registered.
[${project.name}][${env:SERVER_PORT}] 2022-04-05 20:37:09,562 INFO
            [main][DubboConfigBindingRegistrar.java:127] - The dubbo config bean definition [name : org.apache.dubbo.config.RegistryConfig#0, class : org.apache.dubbo.config.RegistryConfig] has been registered.
[${project.name}][${env:SERVER_PORT}] 2022-04-05 20:37:09,562 INFO
            [main][DubboConfigBindingRegistrar.java:151] - The BeanPostProcessor bean definition [org.apache.dubbo.config.spring.beans.factory.annotation.DubboConfigBindingBeanPostProcessor] for dubbo config bean [name : org.apache.dubbo.config.RegistryConfig#0] has been registered.
[${project.name}][${env:SERVER_PORT}] 2022-04-05 20:37:09,563 INFO
            [main][DubboConfigBindingRegistrar.java:127] - The dubbo config bean definition [name : org.apache.dubbo.config.ProtocolConfig#0, class : org.apache.dubbo.config.ProtocolConfig] has been registered.
[${project.name}][${env:SERVER_PORT}] 2022-04-05 20:37:09,563 INFO
            [main][DubboConfigBindingRegistrar.java:151] - The BeanPostProcessor bean definition [org.apache.dubbo.config.spring.beans.factory.annotation.DubboConfigBindingBeanPostProcessor] for dubbo config bean [name : org.apache.dubbo.config.ProtocolConfig#0] has been registered.
[${project.name}][${env:SERVER_PORT}] 2022-04-05 20:37:09,564 INFO
            [main][DubboConfigBindingRegistrar.java:127] - The dubbo config bean definition [name : org.apache.dubbo.config.ConsumerConfig#0, class : org.apache.dubbo.config.ConsumerConfig] has been registered.
[${project.name}][${env:SERVER_PORT}] 2022-04-05 20:37:09,565 INFO
            [main][DubboConfigBindingRegistrar.java:151] - The BeanPostProcessor bean definition [org.apache.dubbo.config.spring.beans.factory.annotation.DubboConfigBindingBeanPostProcessor] for dubbo config bean [name : org.apache.dubbo.config.ConsumerConfig#0] has been registered.
[${project.name}][${env:SERVER_PORT}] 2022-04-05 20:37:09,994 WARN
            [main][EndpointId.java:135] - Endpoint ID 'service-registry' contains invalid characters, please migrate to a valid format.
[${project.name}][${env:SERVER_PORT}] 2022-04-05 20:37:10,177 INFO
            [main][ServiceAnnotationBeanPostProcessor.java:204] -  [DUBBO] BeanNameGenerator bean can't be found in BeanFactory with name [org.springframework.context.annotation.internalConfigurationBeanNameGenerator], dubbo version: 2.7.3, current host: 172.27.71.185
[${project.name}][${env:SERVER_PORT}] 2022-04-05 20:37:10,178 INFO
            [main][ServiceAnnotationBeanPostProcessor.java:206] -  [DUBBO] BeanNameGenerator will be a instance of org.springframework.context.annotation.AnnotationBeanNameGenerator , it maybe a potential problem on bean name generation., dubbo version: 2.7.3, current host: 172.27.71.185
[${project.name}][${env:SERVER_PORT}] 2022-04-05 20:37:10,267 WARN
            [main][ServiceAnnotationBeanPostProcessor.java:169] -  [DUBBO] No Spring Bean annotating Dubbo's @Service was found under package[com.shanjupay], dubbo version: 2.7.3, current host: 172.27.71.185
[${project.name}][${env:SERVER_PORT}] 2022-04-05 20:37:10,275 INFO
            [main][ConfigurationClassPostProcessor.java:380] - Cannot enhance @Configuration bean definition 'org.apache.dubbo.spring.boot.autoconfigure.DubboRelaxedBinding2AutoConfiguration' since its singleton instance has been created too early. The typical cause is a non-static @Bean method with a BeanDefinitionRegistryPostProcessor return type: Consider declaring such methods as 'static'.
[${project.name}][${env:SERVER_PORT}] 2022-04-05 20:37:10,276 INFO
            [main][ConfigurationClassPostProcessor.java:380] - Cannot enhance @Configuration bean definition 'org.apache.dubbo.spring.boot.autoconfigure.DubboAutoConfiguration' since its singleton instance has been created too early. The typical cause is a non-static @Bean method with a BeanDefinitionRegistryPostProcessor return type: Consider declaring such methods as 'static'.
[${project.name}][${env:SERVER_PORT}] 2022-04-05 20:37:10,743 INFO
            [main][GenericScope.java:294] - BeanFactory id=89ea7cd8-63f7-3950-9ead-70ff28804e5c
[${project.name}][${env:SERVER_PORT}] 2022-04-05 20:37:11,396 INFO
            [main][PostProcessorRegistrationDelegate.java:330] - Bean 'com.alibaba.cloud.dubbo.autoconfigure.DubboOpenFeignAutoConfiguration' of type [com.alibaba.cloud.dubbo.autoconfigure.DubboOpenFeignAutoConfiguration$$EnhancerBySpringCGLIB$$d8ce4138] is not eligible for getting processed by all BeanPostProcessors (for example: not eligible for auto-proxying)
[${project.name}][${env:SERVER_PORT}] 2022-04-05 20:37:11,441 INFO
            [main][PostProcessorRegistrationDelegate.java:330] - Bean 'dubbo.cloud-com.alibaba.cloud.dubbo.env.DubboCloudProperties' of type [com.alibaba.cloud.dubbo.env.DubboCloudProperties] is not eligible for getting processed by all BeanPostProcessors (for example: not eligible for auto-proxying)
[${project.name}][${env:SERVER_PORT}] 2022-04-05 20:37:11,487 INFO
            [main][PostProcessorRegistrationDelegate.java:330] - Bean 'metadataJsonResolver' of type [com.alibaba.cloud.dubbo.metadata.resolver.DubboServiceBeanMetadataResolver] is not eligible for getting processed by all BeanPostProcessors (for example: not eligible for auto-proxying)
[${project.name}][${env:SERVER_PORT}] 2022-04-05 20:37:11,523 INFO
            [main][PostProcessorRegistrationDelegate.java:330] - Bean 'org.apache.dubbo.config.ApplicationConfig#0' of type [org.apache.dubbo.config.ApplicationConfig] is not eligible for getting processed by all BeanPostProcessors (for example: not eligible for auto-proxying)
[${project.name}][${env:SERVER_PORT}] 2022-04-05 20:37:11,537 INFO
            [main][PostProcessorRegistrationDelegate.java:330] - Bean 'dubboProtocolConfigSupplier' of type [com.alibaba.cloud.dubbo.metadata.DubboProtocolConfigSupplier] is not eligible for getting processed by all BeanPostProcessors (for example: not eligible for auto-proxying)
[${project.name}][${env:SERVER_PORT}] 2022-04-05 20:37:11,541 INFO
            [main][PostProcessorRegistrationDelegate.java:330] - Bean 'com.alibaba.cloud.dubbo.service.DubboMetadataServiceExporter' of type [com.alibaba.cloud.dubbo.service.DubboMetadataServiceExporter] is not eligible for getting processed by all BeanPostProcessors (for example: not eligible for auto-proxying)
[${project.name}][${env:SERVER_PORT}] 2022-04-05 20:37:11,542 INFO
            [main][PostProcessorRegistrationDelegate.java:330] - Bean 'com.alibaba.cloud.dubbo.autoconfigure.DubboMetadataAutoConfiguration' of type [com.alibaba.cloud.dubbo.autoconfigure.DubboMetadataAutoConfiguration$$EnhancerBySpringCGLIB$$4b0dddb2] is not eligible for getting processed by all BeanPostProcessors (for example: not eligible for auto-proxying)
[${project.name}][${env:SERVER_PORT}] 2022-04-05 20:37:11,558 INFO
            [main][PostProcessorRegistrationDelegate.java:330] - Bean 'com.alibaba.cloud.dubbo.autoconfigure.DubboServiceAutoConfiguration' of type [com.alibaba.cloud.dubbo.autoconfigure.DubboServiceAutoConfiguration$$EnhancerBySpringCGLIB$$ddb7e60a] is not eligible for getting processed by all BeanPostProcessors (for example: not eligible for auto-proxying)
[${project.name}][${env:SERVER_PORT}] 2022-04-05 20:37:11,576 INFO
            [main][PostProcessorRegistrationDelegate.java:330] - Bean 'dubboGenericServiceFactory' of type [com.alibaba.cloud.dubbo.service.DubboGenericServiceFactory] is not eligible for getting processed by all BeanPostProcessors (for example: not eligible for auto-proxying)
[${project.name}][${env:SERVER_PORT}] 2022-04-05 20:37:11,584 INFO
            [main][PostProcessorRegistrationDelegate.java:330] - Bean 'dubboMetadataConfigServiceProxy' of type [com.alibaba.cloud.dubbo.service.DubboMetadataServiceProxy] is not eligible for getting processed by all BeanPostProcessors (for example: not eligible for auto-proxying)
[${project.name}][${env:SERVER_PORT}] 2022-04-05 20:37:11,601 INFO
            [main][PostProcessorRegistrationDelegate.java:330] - Bean 'org.springframework.cloud.client.discovery.composite.CompositeDiscoveryClientAutoConfiguration' of type [org.springframework.cloud.client.discovery.composite.CompositeDiscoveryClientAutoConfiguration$$EnhancerBySpringCGLIB$$9dfd1fc4] is not eligible for getting processed by all BeanPostProcessors (for example: not eligible for auto-proxying)
[${project.name}][${env:SERVER_PORT}] 2022-04-05 20:37:11,620 INFO
            [main][PostProcessorRegistrationDelegate.java:330] - Bean 'com.alibaba.cloud.nacos.discovery.NacosDiscoveryClientAutoConfiguration' of type [com.alibaba.cloud.nacos.discovery.NacosDiscoveryClientAutoConfiguration$$EnhancerBySpringCGLIB$$91c82889] is not eligible for getting processed by all BeanPostProcessors (for example: not eligible for auto-proxying)
[${project.name}][${env:SERVER_PORT}] 2022-04-05 20:37:11,656 INFO
            [main][PostProcessorRegistrationDelegate.java:330] - Bean 'org.springframework.cloud.commons.util.UtilAutoConfiguration' of type [org.springframework.cloud.commons.util.UtilAutoConfiguration$$EnhancerBySpringCGLIB$$1cbabbb8] is not eligible for getting processed by all BeanPostProcessors (for example: not eligible for auto-proxying)
[${project.name}][${env:SERVER_PORT}] 2022-04-05 20:37:11,678 INFO
            [main][PostProcessorRegistrationDelegate.java:330] - Bean 'inetUtilsProperties' of type [org.springframework.cloud.commons.util.InetUtilsProperties] is not eligible for getting processed by all BeanPostProcessors (for example: not eligible for auto-proxying)
[${project.name}][${env:SERVER_PORT}] 2022-04-05 20:37:11,685 INFO
            [main][PostProcessorRegistrationDelegate.java:330] - Bean 'inetUtils' of type [org.springframework.cloud.commons.util.InetUtils] is not eligible for getting processed by all BeanPostProcessors (for example: not eligible for auto-proxying)
[${project.name}][${env:SERVER_PORT}] 2022-04-05 20:37:13,399 INFO
            [main][PostProcessorRegistrationDelegate.java:330] - Bean 'nacosProperties' of type [com.alibaba.cloud.nacos.NacosDiscoveryProperties] is not eligible for getting processed by all BeanPostProcessors (for example: not eligible for auto-proxying)
[${project.name}][${env:SERVER_PORT}] 2022-04-05 20:37:13,425 INFO
            [main][PostProcessorRegistrationDelegate.java:330] - Bean 'nacosDiscoveryClient' of type [com.alibaba.cloud.nacos.discovery.NacosDiscoveryClient] is not eligible for getting processed by all BeanPostProcessors (for example: not eligible for auto-proxying)
[${project.name}][${env:SERVER_PORT}] 2022-04-05 20:37:13,513 INFO
            [main][PostProcessorRegistrationDelegate.java:330] - Bean 'server-org.springframework.boot.autoconfigure.web.ServerProperties' of type [org.springframework.boot.autoconfigure.web.ServerProperties] is not eligible for getting processed by all BeanPostProcessors (for example: not eligible for auto-proxying)
[${project.name}][${env:SERVER_PORT}] 2022-04-05 20:37:13,523 INFO
            [main][PostProcessorRegistrationDelegate.java:330] - Bean 'org.springframework.cloud.client.discovery.simple.SimpleDiscoveryClientAutoConfiguration' of type [org.springframework.cloud.client.discovery.simple.SimpleDiscoveryClientAutoConfiguration$$EnhancerBySpringCGLIB$$6a2bb892] is not eligible for getting processed by all BeanPostProcessors (for example: not eligible for auto-proxying)
[${project.name}][${env:SERVER_PORT}] 2022-04-05 20:37:15,505 INFO
            [main][PostProcessorRegistrationDelegate.java:330] - Bean 'simpleDiscoveryProperties' of type [org.springframework.cloud.client.discovery.simple.SimpleDiscoveryProperties] is not eligible for getting processed by all BeanPostProcessors (for example: not eligible for auto-proxying)
[${project.name}][${env:SERVER_PORT}] 2022-04-05 20:37:15,516 INFO
            [main][PostProcessorRegistrationDelegate.java:330] - Bean 'simpleDiscoveryClient' of type [org.springframework.cloud.client.discovery.simple.SimpleDiscoveryClient] is not eligible for getting processed by all BeanPostProcessors (for example: not eligible for auto-proxying)
[${project.name}][${env:SERVER_PORT}] 2022-04-05 20:37:15,535 INFO
            [main][PostProcessorRegistrationDelegate.java:330] - Bean 'compositeDiscoveryClient' of type [org.springframework.cloud.client.discovery.composite.CompositeDiscoveryClient] is not eligible for getting processed by all BeanPostProcessors (for example: not eligible for auto-proxying)
[${project.name}][${env:SERVER_PORT}] 2022-04-05 20:37:15,551 INFO
            [main][PostProcessorRegistrationDelegate.java:330] - Bean 'com.alibaba.cloud.dubbo.util.JSONUtils' of type [com.alibaba.cloud.dubbo.util.JSONUtils] is not eligible for getting processed by all BeanPostProcessors (for example: not eligible for auto-proxying)
[${project.name}][${env:SERVER_PORT}] 2022-04-05 20:37:15,799 WARN
            [main][DubboServiceMetadataRepository.java:216] - Current application will subscribe all services(size:2) in registry, a lot of memory and CPU cycles may be used, thus it's strongly recommend you using the externalized property 'dubbo.cloud.subscribed-services' to specify the services
[${project.name}][${env:SERVER_PORT}] 2022-04-05 20:37:15,800 INFO
            [main][PostProcessorRegistrationDelegate.java:330] - Bean 'com.alibaba.cloud.dubbo.metadata.repository.DubboServiceMetadataRepository' of type [com.alibaba.cloud.dubbo.metadata.repository.DubboServiceMetadataRepository] is not eligible for getting processed by all BeanPostProcessors (for example: not eligible for auto-proxying)
[${project.name}][${env:SERVER_PORT}] 2022-04-05 20:37:15,855 INFO
            [main][PostProcessorRegistrationDelegate.java:330] - Bean 'com.alibaba.cloud.dubbo.service.parameter.RequestParamServiceParameterResolver' of type [com.alibaba.cloud.dubbo.service.parameter.RequestParamServiceParameterResolver] is not eligible for getting processed by all BeanPostProcessors (for example: not eligible for auto-proxying)
[${project.name}][${env:SERVER_PORT}] 2022-04-05 20:37:15,905 INFO
            [main][PostProcessorRegistrationDelegate.java:330] - Bean 'spring.http-org.springframework.boot.autoconfigure.http.HttpProperties' of type [org.springframework.boot.autoconfigure.http.HttpProperties] is not eligible for getting processed by all BeanPostProcessors (for example: not eligible for auto-proxying)
[${project.name}][${env:SERVER_PORT}] 2022-04-05 20:37:15,913 INFO
            [main][PostProcessorRegistrationDelegate.java:330] - Bean 'org.springframework.boot.autoconfigure.http.HttpMessageConvertersAutoConfiguration$StringHttpMessageConverterConfiguration' of type [org.springframework.boot.autoconfigure.http.HttpMessageConvertersAutoConfiguration$StringHttpMessageConverterConfiguration$$EnhancerBySpringCGLIB$$a24e8468] is not eligible for getting processed by all BeanPostProcessors (for example: not eligible for auto-proxying)
[${project.name}][${env:SERVER_PORT}] 2022-04-05 20:37:15,934 INFO
            [main][PostProcessorRegistrationDelegate.java:330] - Bean 'stringHttpMessageConverter' of type [org.springframework.http.converter.StringHttpMessageConverter] is not eligible for getting processed by all BeanPostProcessors (for example: not eligible for auto-proxying)
[${project.name}][${env:SERVER_PORT}] 2022-04-05 20:37:15,946 INFO
            [main][PostProcessorRegistrationDelegate.java:330] - Bean 'org.springframework.boot.autoconfigure.http.JacksonHttpMessageConvertersConfiguration$MappingJackson2HttpMessageConverterConfiguration' of type [org.springframework.boot.autoconfigure.http.JacksonHttpMessageConvertersConfiguration$MappingJackson2HttpMessageConverterConfiguration$$EnhancerBySpringCGLIB$$dc248068] is not eligible for getting processed by all BeanPostProcessors (for example: not eligible for auto-proxying)
[${project.name}][${env:SERVER_PORT}] 2022-04-05 20:37:15,960 INFO
            [main][PostProcessorRegistrationDelegate.java:330] - Bean 'org.springframework.boot.autoconfigure.jackson.JacksonAutoConfiguration$JacksonObjectMapperConfiguration' of type [org.springframework.boot.autoconfigure.jackson.JacksonAutoConfiguration$JacksonObjectMapperConfiguration$$EnhancerBySpringCGLIB$$b0a071c5] is not eligible for getting processed by all BeanPostProcessors (for example: not eligible for auto-proxying)
[${project.name}][${env:SERVER_PORT}] 2022-04-05 20:37:15,981 INFO
            [main][PostProcessorRegistrationDelegate.java:330] - Bean 'org.springframework.boot.autoconfigure.jackson.JacksonAutoConfiguration$JacksonObjectMapperBuilderConfiguration' of type [org.springframework.boot.autoconfigure.jackson.JacksonAutoConfiguration$JacksonObjectMapperBuilderConfiguration$$EnhancerBySpringCGLIB$$62ed33de] is not eligible for getting processed by all BeanPostProcessors (for example: not eligible for auto-proxying)
[${project.name}][${env:SERVER_PORT}] 2022-04-05 20:37:15,994 INFO
            [main][PostProcessorRegistrationDelegate.java:330] - Bean 'org.springframework.boot.autoconfigure.jackson.JacksonAutoConfiguration$Jackson2ObjectMapperBuilderCustomizerConfiguration' of type [org.springframework.boot.autoconfigure.jackson.JacksonAutoConfiguration$Jackson2ObjectMapperBuilderCustomizerConfiguration$$EnhancerBySpringCGLIB$$1e0419cd] is not eligible for getting processed by all BeanPostProcessors (for example: not eligible for auto-proxying)
[${project.name}][${env:SERVER_PORT}] 2022-04-05 20:37:16,009 INFO
            [main][PostProcessorRegistrationDelegate.java:330] - Bean 'spring.jackson-org.springframework.boot.autoconfigure.jackson.JacksonProperties' of type [org.springframework.boot.autoconfigure.jackson.JacksonProperties] is not eligible for getting processed by all BeanPostProcessors (for example: not eligible for auto-proxying)
[${project.name}][${env:SERVER_PORT}] 2022-04-05 20:37:16,023 INFO
            [main][PostProcessorRegistrationDelegate.java:330] - Bean 'standardJacksonObjectMapperBuilderCustomizer' of type [org.springframework.boot.autoconfigure.jackson.JacksonAutoConfiguration$Jackson2ObjectMapperBuilderCustomizerConfiguration$StandardJackson2ObjectMapperBuilderCustomizer] is not eligible for getting processed by all BeanPostProcessors (for example: not eligible for auto-proxying)
[${project.name}][${env:SERVER_PORT}] 2022-04-05 20:37:16,044 INFO
            [main][PostProcessorRegistrationDelegate.java:330] - Bean 'org.springframework.boot.autoconfigure.jackson.JacksonAutoConfiguration$ParameterNamesModuleConfiguration' of type [org.springframework.boot.autoconfigure.jackson.JacksonAutoConfiguration$ParameterNamesModuleConfiguration$$EnhancerBySpringCGLIB$$44cf90fb] is not eligible for getting processed by all BeanPostProcessors (for example: not eligible for auto-proxying)
[${project.name}][${env:SERVER_PORT}] 2022-04-05 20:37:16,078 INFO
            [main][PostProcessorRegistrationDelegate.java:330] - Bean 'parameterNamesModule' of type [com.fasterxml.jackson.module.paramnames.ParameterNamesModule] is not eligible for getting processed by all BeanPostProcessors (for example: not eligible for auto-proxying)
[${project.name}][${env:SERVER_PORT}] 2022-04-05 20:37:16,118 INFO
            [main][PostProcessorRegistrationDelegate.java:330] - Bean 'org.springframework.boot.autoconfigure.jackson.JacksonAutoConfiguration' of type [org.springframework.boot.autoconfigure.jackson.JacksonAutoConfiguration$$EnhancerBySpringCGLIB$$92ac0f54] is not eligible for getting processed by all BeanPostProcessors (for example: not eligible for auto-proxying)
[${project.name}][${env:SERVER_PORT}] 2022-04-05 20:37:16,140 INFO
            [main][PostProcessorRegistrationDelegate.java:330] - Bean 'jsonComponentModule' of type [org.springframework.boot.jackson.JsonComponentModule] is not eligible for getting processed by all BeanPostProcessors (for example: not eligible for auto-proxying)
[${project.name}][${env:SERVER_PORT}] 2022-04-05 20:37:16,151 INFO
            [main][PostProcessorRegistrationDelegate.java:330] - Bean 'jacksonObjectMapperBuilder' of type [org.springframework.http.converter.json.Jackson2ObjectMapperBuilder] is not eligible for getting processed by all BeanPostProcessors (for example: not eligible for auto-proxying)
[${project.name}][${env:SERVER_PORT}] 2022-04-05 20:37:16,217 INFO
            [main][PostProcessorRegistrationDelegate.java:330] - Bean 'jacksonObjectMapper' of type [com.fasterxml.jackson.databind.ObjectMapper] is not eligible for getting processed by all BeanPostProcessors (for example: not eligible for auto-proxying)
[${project.name}][${env:SERVER_PORT}] 2022-04-05 20:37:16,241 INFO
            [main][PostProcessorRegistrationDelegate.java:330] - Bean 'mappingJackson2HttpMessageConverter' of type [org.springframework.http.converter.json.MappingJackson2HttpMessageConverter] is not eligible for getting processed by all BeanPostProcessors (for example: not eligible for auto-proxying)
[${project.name}][${env:SERVER_PORT}] 2022-04-05 20:37:16,256 INFO
            [main][PostProcessorRegistrationDelegate.java:330] - Bean 'org.springframework.boot.autoconfigure.http.HttpMessageConvertersAutoConfiguration' of type [org.springframework.boot.autoconfigure.http.HttpMessageConvertersAutoConfiguration$$EnhancerBySpringCGLIB$$6f40bdc8] is not eligible for getting processed by all BeanPostProcessors (for example: not eligible for auto-proxying)
[${project.name}][${env:SERVER_PORT}] 2022-04-05 20:37:16,283 INFO
            [main][PostProcessorRegistrationDelegate.java:330] - Bean 'messageConverters' of type [org.springframework.boot.autoconfigure.http.HttpMessageConverters] is not eligible for getting processed by all BeanPostProcessors (for example: not eligible for auto-proxying)
[${project.name}][${env:SERVER_PORT}] 2022-04-05 20:37:16,293 INFO
            [main][PostProcessorRegistrationDelegate.java:330] - Bean 'com.alibaba.cloud.dubbo.service.parameter.RequestBodyServiceParameterResolver' of type [com.alibaba.cloud.dubbo.service.parameter.RequestBodyServiceParameterResolver] is not eligible for getting processed by all BeanPostProcessors (for example: not eligible for auto-proxying)
[${project.name}][${env:SERVER_PORT}] 2022-04-05 20:37:16,314 INFO
            [main][PostProcessorRegistrationDelegate.java:330] - Bean 'com.alibaba.cloud.dubbo.service.parameter.RequestHeaderServiceParameterResolver' of type [com.alibaba.cloud.dubbo.service.parameter.RequestHeaderServiceParameterResolver] is not eligible for getting processed by all BeanPostProcessors (for example: not eligible for auto-proxying)
[${project.name}][${env:SERVER_PORT}] 2022-04-05 20:37:16,333 INFO
            [main][PostProcessorRegistrationDelegate.java:330] - Bean 'com.alibaba.cloud.dubbo.service.parameter.PathVariableServiceParameterResolver' of type [com.alibaba.cloud.dubbo.service.parameter.PathVariableServiceParameterResolver] is not eligible for getting processed by all BeanPostProcessors (for example: not eligible for auto-proxying)
[${project.name}][${env:SERVER_PORT}] 2022-04-05 20:37:16,335 INFO
            [main][PostProcessorRegistrationDelegate.java:330] - Bean 'com.alibaba.cloud.dubbo.service.DubboGenericServiceExecutionContextFactory' of type [com.alibaba.cloud.dubbo.service.DubboGenericServiceExecutionContextFactory] is not eligible for getting processed by all BeanPostProcessors (for example: not eligible for auto-proxying)
[${project.name}][${env:SERVER_PORT}] 2022-04-05 20:37:16,381 INFO
            [main][PostProcessorRegistrationDelegate.java:330] - Bean 'relaxedDubboConfigBinder' of type [org.apache.dubbo.spring.boot.autoconfigure.BinderDubboConfigBinder] is not eligible for getting processed by all BeanPostProcessors (for example: not eligible for auto-proxying)
[${project.name}][${env:SERVER_PORT}] 2022-04-05 20:37:16,401 INFO
            [main][PostProcessorRegistrationDelegate.java:330] - Bean 'relaxedDubboConfigBinder' of type [org.apache.dubbo.spring.boot.autoconfigure.BinderDubboConfigBinder] is not eligible for getting processed by all BeanPostProcessors (for example: not eligible for auto-proxying)
[${project.name}][${env:SERVER_PORT}] 2022-04-05 20:37:16,410 INFO
            [main][PostProcessorRegistrationDelegate.java:330] - Bean 'relaxedDubboConfigBinder' of type [org.apache.dubbo.spring.boot.autoconfigure.BinderDubboConfigBinder] is not eligible for getting processed by all BeanPostProcessors (for example: not eligible for auto-proxying)
[${project.name}][${env:SERVER_PORT}] 2022-04-05 20:37:16,417 INFO
            [main][PostProcessorRegistrationDelegate.java:330] - Bean 'relaxedDubboConfigBinder' of type [org.apache.dubbo.spring.boot.autoconfigure.BinderDubboConfigBinder] is not eligible for getting processed by all BeanPostProcessors (for example: not eligible for auto-proxying)
[${project.name}][${env:SERVER_PORT}] 2022-04-05 20:37:16,446 INFO
            [main][PostProcessorRegistrationDelegate.java:330] - Bean 'org.springframework.cloud.autoconfigure.ConfigurationPropertiesRebinderAutoConfiguration' of type [org.springframework.cloud.autoconfigure.ConfigurationPropertiesRebinderAutoConfiguration$$EnhancerBySpringCGLIB$$7126f531] is not eligible for getting processed by all BeanPostProcessors (for example: not eligible for auto-proxying)
[${project.name}][${env:SERVER_PORT}] 2022-04-05 20:37:17,091 INFO
            [main][DubboConfigBindingBeanPostProcessor.java:109] - The properties of bean [name : org.apache.dubbo.config.ConsumerConfig#0] have been binding by prefix of configuration properties : dubbo.consumer
[${project.name}][${env:SERVER_PORT}] 2022-04-05 20:37:17,143 INFO
            [main][DubboConfigBindingBeanPostProcessor.java:109] - The properties of bean [name : org.apache.dubbo.config.RegistryConfig#0] have been binding by prefix of configuration properties : dubbo.registry
[${project.name}][${env:SERVER_PORT}] 2022-04-05 20:37:17,167 INFO
            [main][AnnotatedInterfaceConfigBeanBuilder.java:84] - The configBean[type:ReferenceBean] has been built.
[${project.name}][${env:SERVER_PORT}] 2022-04-05 20:37:17,232 WARN
            [main][AbstractInterfaceConfig.java:265] -  [DUBBO] There's no valid metadata config found, if you are using the simplified mode of registry url, please make sure you have a metadata address configured properly., dubbo version: 2.7.3, current host: 172.27.71.185
[${project.name}][${env:SERVER_PORT}] 2022-04-05 20:37:17,300 INFO
            [main][AbstractInterfaceConfig.java:237] -  [DUBBO] There's no valid monitor config found, if you want to open monitor statistics for Dubbo, please make sure your monitor is configured properly., dubbo version: 2.7.3, current host: 172.27.71.185
[${project.name}][${env:SERVER_PORT}] 2022-04-05 20:37:17,304 INFO
            [main][AbstractInterfaceConfig.java:237] -  [DUBBO] There's no valid monitor config found, if you want to open monitor statistics for Dubbo, please make sure your monitor is configured properly., dubbo version: 2.7.3, current host: 172.27.71.185
[${project.name}][${env:SERVER_PORT}] 2022-04-05 20:37:17,375 INFO
            [main][QosProtocolWrapper.java:89] -  [DUBBO] qos won't be started because it is disabled. Please check dubbo.application.qos.enable is configured either in system property, dubbo.properties or XML/spring-boot configuration., dubbo version: 2.7.3, current host: 172.27.71.185
[${project.name}][${env:SERVER_PORT}] 2022-04-05 20:37:17,377 WARN
            [main][SpringExtensionFactory.java:86] -  [DUBBO] No spring extension (bean) named:applicationContext, try to find an extension (bean) of type org.springframework.context.ConfigurableApplicationContext, dubbo version: 2.7.3, current host: 172.27.71.185
[${project.name}][${env:SERVER_PORT}] 2022-04-05 20:37:17,383 WARN
            [main][SpringExtensionFactory.java:104] -  [DUBBO] No spring extension (bean) named:applicationContext, type:org.springframework.context.ConfigurableApplicationContext found, stop get bean., dubbo version: 2.7.3, current host: 172.27.71.185
[${project.name}][${env:SERVER_PORT}] 2022-04-05 20:37:17,479 INFO
            [main][AbstractRegistry.java:280] -  [DUBBO] Register: consumer://172.27.71.185/com.shanjupay.merchant.api.AppService?application=merchant-application&category=consumers&check=false&dubbo=2.0.2&interface=com.shanjupay.merchant.api.AppService&lazy=false&methods=queryAppByMerchant,createApp,getAppById&pid=18252&qos.enable=false&qos.port=22310&release=2.7.3&retries=-1&side=consumer&sticky=false&timeout=3000&timestamp=1649162237233, dubbo version: 2.7.3, current host: 172.27.71.185
[${project.name}][${env:SERVER_PORT}] 2022-04-05 20:37:17,501 INFO
            [main][AbstractRegistry.java:305] -  [DUBBO] Subscribe: consumer://172.27.71.185/com.shanjupay.merchant.api.AppService?application=merchant-application&category=providers,configurators,routers&check=false&dubbo=2.0.2&interface=com.shanjupay.merchant.api.AppService&lazy=false&methods=queryAppByMerchant,createApp,getAppById&pid=18252&qos.enable=false&qos.port=22310&release=2.7.3&retries=-1&side=consumer&sticky=false&timeout=3000&timestamp=1649162237233, dubbo version: 2.7.3, current host: 172.27.71.185
[${project.name}][${env:SERVER_PORT}] 2022-04-05 20:37:17,505 INFO
            [main][AbstractSpringCloudRegistry.java:213] - The Dubbo Service URL[ID : consumer://172.27.71.185/com.shanjupay.merchant.api.AppService] is being subscribed for service[name : merchant-service]
[${project.name}][${env:SERVER_PORT}] 2022-04-05 20:37:17,506 INFO
            [main][AbstractSpringCloudRegistry.java:223] - The metadata of Dubbo service[key : com.shanjupay.merchant.api.AppService] can't be found when the subscribed service[name : merchant-service], and then try to initialize it
[${project.name}][${env:SERVER_PORT}] 2022-04-05 20:37:17,507 INFO
            [main][DubboServiceMetadataRepository.java:280] - The metadata of Dubbo service[name : merchant-service] is about to be initialized
[${project.name}][${env:SERVER_PORT}] 2022-04-05 20:37:17,588 WARN
            [main][DubboServiceMetadataRepository.java:484] - The Spring application[name : merchant-service] does not expose The REST metadata in the Dubbo services.
[${project.name}][${env:SERVER_PORT}] 2022-04-05 20:37:17,589 WARN
            [main][AbstractSpringCloudRegistry.java:234] - The metadata of Dubbo service[key : com.shanjupay.merchant.api.AppService] still can't be found, it could effect the further Dubbo service invocation
[${project.name}][${env:SERVER_PORT}] 2022-04-05 20:37:17,619 INFO
            [main][AbstractRegistry.java:212] -  [DUBBO] Load registry cache file C:\Users\tdl\.dubbo\dubbo-registry-merchant-application-127.0.0.1:8848.cache, data: {com.shanjupay.merchant.api.MerchantService=dubbo://172.27.71.185:20890/com.shanjupay.merchant.api.MerchantService?anyhost=true&application=merchant-service&bean.name=ServiceBean:com.shanjupay.merchant.api.MerchantService&category=providers&deprecated=false&dubbo=2.0.2&dynamic=true&generic=false&interface=com.shanjupay.merchant.api.MerchantService&methods=queryMerchantById,applyMerchant,createMerchant&path=com.shanjupay.merchant.api.MerchantService&pid=16596&protocol=dubbo&register=true&release=2.7.3&side=provider&timestamp=1649161021996, com.shanjupay.merchant.api.AppService=dubbo://172.27.71.185:20890/com.shanjupay.merchant.api.AppService?anyhost=true&application=merchant-service&bean.name=ServiceBean:com.shanjupay.merchant.api.AppService&category=providers&deprecated=false&dubbo=2.0.2&dynamic=true&generic=false&interface=com.shanjupay.merchant.api.AppService&methods=queryAppByMerchant,createApp,getAppById&path=com.shanjupay.merchant.api.AppService&pid=16596&protocol=dubbo&register=true&release=2.7.3&side=provider&timestamp=1649161020548, merchant-service/com.alibaba.cloud.dubbo.service.DubboMetadataService:1.0.0=dubbo://172.27.71.185:20890/com.alibaba.cloud.dubbo.service.DubboMetadataService?anyhost=true&application=merchant-service&category=providers&deprecated=false&dubbo=2.0.2&dynamic=true&generic=false&group=merchant-service&interface=com.alibaba.cloud.dubbo.service.DubboMetadataService&methods=getAllServiceKeys,getServiceRestMetadata,getExportedURLs,getAllExportedURLs&path=com.alibaba.cloud.dubbo.service.DubboMetadataService&pid=16596&protocol=dubbo&register=true&release=2.7.3&revision=2.1.0.RELEASE&side=provider&timestamp=1649161023471&version=1.0.0}, dubbo version: 2.7.3, current host: 172.27.71.185
[${project.name}][${env:SERVER_PORT}] 2022-04-05 20:37:17,622 INFO
            [main][AbstractRegistry.java:280] -  [DUBBO] Register: consumer://172.27.71.185/com.shanjupay.merchant.api.AppService?application=merchant-application&category=consumers&check=false&dubbo=2.0.2&interface=com.shanjupay.merchant.api.AppService&lazy=false&methods=queryAppByMerchant,createApp,getAppById&pid=18252&qos.enable=false&qos.port=22310&release=2.7.3&retries=-1&side=consumer&sticky=false&timeout=3000&timestamp=1649162237233, dubbo version: 2.7.3, current host: 172.27.71.185
[${project.name}][${env:SERVER_PORT}] 2022-04-05 20:37:17,666 INFO
            [main][AbstractRegistry.java:305] -  [DUBBO] Subscribe: consumer://172.27.71.185/com.shanjupay.merchant.api.AppService?application=merchant-application&category=providers,configurators,routers&check=false&dubbo=2.0.2&interface=com.shanjupay.merchant.api.AppService&lazy=false&methods=queryAppByMerchant,createApp,getAppById&pid=18252&qos.enable=false&qos.port=22310&release=2.7.3&retries=-1&side=consumer&sticky=false&timeout=3000&timestamp=1649162237233, dubbo version: 2.7.3, current host: 172.27.71.185
[${project.name}][${env:SERVER_PORT}] 2022-04-05 20:37:17,683 WARN
            [main][AbstractRegistry.java:395] -  [DUBBO] Ignore empty notify urls for subscribe url consumer://172.27.71.185/com.shanjupay.merchant.api.AppService?application=merchant-application&category=providers,configurators,routers&check=false&dubbo=2.0.2&interface=com.shanjupay.merchant.api.AppService&lazy=false&methods=queryAppByMerchant,createApp,getAppById&pid=18252&qos.enable=false&qos.port=22310&release=2.7.3&retries=-1&side=consumer&sticky=false&timeout=3000&timestamp=1649162237233, dubbo version: 2.7.3, current host: 172.27.71.185
[${project.name}][${env:SERVER_PORT}] 2022-04-05 20:37:17,688 WARN
            [com.alibaba.nacos.naming.client.listener][AbstractRegistry.java:395] -  [DUBBO] Ignore empty notify urls for subscribe url consumer://172.27.71.185/com.shanjupay.merchant.api.AppService?application=merchant-application&category=providers,configurators,routers&check=false&dubbo=2.0.2&interface=com.shanjupay.merchant.api.AppService&lazy=false&methods=queryAppByMerchant,createApp,getAppById&pid=18252&qos.enable=false&qos.port=22310&release=2.7.3&retries=-1&side=consumer&sticky=false&timeout=3000&timestamp=1649162237233, dubbo version: 2.7.3, current host: 172.27.71.185
[${project.name}][${env:SERVER_PORT}] 2022-04-05 20:37:17,693 INFO
            [main][ReferenceConfig.java:421] -  [DUBBO] Refer dubbo service com.shanjupay.merchant.api.AppService from url registry://127.0.0.1:8848/org.apache.dubbo.registry.RegistryService?application=merchant-application&check=false&cluster=registryaware&dubbo=2.0.2&interface=com.shanjupay.merchant.api.AppService&lazy=false&methods=queryAppByMerchant,createApp,getAppById&pid=18252&qos.enable=false&qos.port=22310&refer=application%3Dmerchant-application%26check%3Dfalse%26dubbo%3D2.0.2%26interface%3Dcom.shanjupay.merchant.api.AppService%26lazy%3Dfalse%26methods%3DqueryAppByMerchant%2CcreateApp%2CgetAppById%26pid%3D18252%26qos.enable%3Dfalse%26qos.port%3D22310%26register.ip%3D172.27.71.185%26release%3D2.7.3%26retries%3D-1%26side%3Dconsumer%26sticky%3Dfalse%26timeout%3D3000%26timestamp%3D1649162237233&register.ip=172.27.71.185&registry=nacos&release=2.7.3&retries=-1&side=consumer&sticky=false&timeout=3000&timestamp=1649162237233, dubbo version: 2.7.3, current host: 172.27.71.185
[${project.name}][${env:SERVER_PORT}] 2022-04-05 20:37:17,821 INFO
            [main][AnnotatedInterfaceConfigBeanBuilder.java:84] - The configBean[type:ReferenceBean] has been built.
[${project.name}][${env:SERVER_PORT}] 2022-04-05 20:37:17,836 WARN
            [main][AbstractInterfaceConfig.java:265] -  [DUBBO] There's no valid metadata config found, if you are using the simplified mode of registry url, please make sure you have a metadata address configured properly., dubbo version: 2.7.3, current host: 172.27.71.185
[${project.name}][${env:SERVER_PORT}] 2022-04-05 20:37:17,861 INFO
            [main][AbstractInterfaceConfig.java:237] -  [DUBBO] There's no valid monitor config found, if you want to open monitor statistics for Dubbo, please make sure your monitor is configured properly., dubbo version: 2.7.3, current host: 172.27.71.185
[${project.name}][${env:SERVER_PORT}] 2022-04-05 20:37:17,863 INFO
            [main][AbstractInterfaceConfig.java:237] -  [DUBBO] There's no valid monitor config found, if you want to open monitor statistics for Dubbo, please make sure your monitor is configured properly., dubbo version: 2.7.3, current host: 172.27.71.185
[${project.name}][${env:SERVER_PORT}] 2022-04-05 20:37:17,885 INFO
            [main][AbstractRegistry.java:280] -  [DUBBO] Register: consumer://172.27.71.185/com.shanjupay.merchant.api.MerchantService?application=merchant-application&category=consumers&check=false&dubbo=2.0.2&interface=com.shanjupay.merchant.api.MerchantService&lazy=false&methods=queryMerchantById,applyMerchant,createMerchant&pid=18252&qos.enable=false&qos.port=22310&release=2.7.3&retries=-1&side=consumer&sticky=false&timeout=3000&timestamp=1649162237840, dubbo version: 2.7.3, current host: 172.27.71.185
[${project.name}][${env:SERVER_PORT}] 2022-04-05 20:37:17,887 INFO
            [main][AbstractRegistry.java:305] -  [DUBBO] Subscribe: consumer://172.27.71.185/com.shanjupay.merchant.api.MerchantService?application=merchant-application&category=providers,configurators,routers&check=false&dubbo=2.0.2&interface=com.shanjupay.merchant.api.MerchantService&lazy=false&methods=queryMerchantById,applyMerchant,createMerchant&pid=18252&qos.enable=false&qos.port=22310&release=2.7.3&retries=-1&side=consumer&sticky=false&timeout=3000&timestamp=1649162237840, dubbo version: 2.7.3, current host: 172.27.71.185
[${project.name}][${env:SERVER_PORT}] 2022-04-05 20:37:17,887 INFO
            [main][AbstractSpringCloudRegistry.java:213] - The Dubbo Service URL[ID : consumer://172.27.71.185/com.shanjupay.merchant.api.MerchantService] is being subscribed for service[name : merchant-service]
[${project.name}][${env:SERVER_PORT}] 2022-04-05 20:37:17,888 INFO
            [main][AbstractSpringCloudRegistry.java:223] - The metadata of Dubbo service[key : com.shanjupay.merchant.api.MerchantService] can't be found when the subscribed service[name : merchant-service], and then try to initialize it
[${project.name}][${env:SERVER_PORT}] 2022-04-05 20:37:17,889 WARN
            [main][AbstractSpringCloudRegistry.java:234] - The metadata of Dubbo service[key : com.shanjupay.merchant.api.MerchantService] still can't be found, it could effect the further Dubbo service invocation
[${project.name}][${env:SERVER_PORT}] 2022-04-05 20:37:17,891 INFO
            [main][AbstractRegistry.java:280] -  [DUBBO] Register: consumer://172.27.71.185/com.shanjupay.merchant.api.MerchantService?application=merchant-application&category=consumers&check=false&dubbo=2.0.2&interface=com.shanjupay.merchant.api.MerchantService&lazy=false&methods=queryMerchantById,applyMerchant,createMerchant&pid=18252&qos.enable=false&qos.port=22310&release=2.7.3&retries=-1&side=consumer&sticky=false&timeout=3000&timestamp=1649162237840, dubbo version: 2.7.3, current host: 172.27.71.185
[${project.name}][${env:SERVER_PORT}] 2022-04-05 20:37:17,907 INFO
            [main][AbstractRegistry.java:305] -  [DUBBO] Subscribe: consumer://172.27.71.185/com.shanjupay.merchant.api.MerchantService?application=merchant-application&category=providers,configurators,routers&check=false&dubbo=2.0.2&interface=com.shanjupay.merchant.api.MerchantService&lazy=false&methods=queryMerchantById,applyMerchant,createMerchant&pid=18252&qos.enable=false&qos.port=22310&release=2.7.3&retries=-1&side=consumer&sticky=false&timeout=3000&timestamp=1649162237840, dubbo version: 2.7.3, current host: 172.27.71.185
[${project.name}][${env:SERVER_PORT}] 2022-04-05 20:37:17,915 WARN
            [main][AbstractRegistry.java:395] -  [DUBBO] Ignore empty notify urls for subscribe url consumer://172.27.71.185/com.shanjupay.merchant.api.MerchantService?application=merchant-application&category=providers,configurators,routers&check=false&dubbo=2.0.2&interface=com.shanjupay.merchant.api.MerchantService&lazy=false&methods=queryMerchantById,applyMerchant,createMerchant&pid=18252&qos.enable=false&qos.port=22310&release=2.7.3&retries=-1&side=consumer&sticky=false&timeout=3000&timestamp=1649162237840, dubbo version: 2.7.3, current host: 172.27.71.185
[${project.name}][${env:SERVER_PORT}] 2022-04-05 20:37:17,917 WARN
            [com.alibaba.nacos.naming.client.listener][AbstractRegistry.java:395] -  [DUBBO] Ignore empty notify urls for subscribe url consumer://172.27.71.185/com.shanjupay.merchant.api.MerchantService?application=merchant-application&category=providers,configurators,routers&check=false&dubbo=2.0.2&interface=com.shanjupay.merchant.api.MerchantService&lazy=false&methods=queryMerchantById,applyMerchant,createMerchant&pid=18252&qos.enable=false&qos.port=22310&release=2.7.3&retries=-1&side=consumer&sticky=false&timeout=3000&timestamp=1649162237840, dubbo version: 2.7.3, current host: 172.27.71.185
[${project.name}][${env:SERVER_PORT}] 2022-04-05 20:37:17,917 INFO
            [main][ReferenceConfig.java:421] -  [DUBBO] Refer dubbo service com.shanjupay.merchant.api.MerchantService from url registry://127.0.0.1:8848/org.apache.dubbo.registry.RegistryService?application=merchant-application&check=false&cluster=registryaware&dubbo=2.0.2&interface=com.shanjupay.merchant.api.MerchantService&lazy=false&methods=queryMerchantById,applyMerchant,createMerchant&pid=18252&qos.enable=false&qos.port=22310&refer=application%3Dmerchant-application%26check%3Dfalse%26dubbo%3D2.0.2%26interface%3Dcom.shanjupay.merchant.api.MerchantService%26lazy%3Dfalse%26methods%3DqueryMerchantById%2CapplyMerchant%2CcreateMerchant%26pid%3D18252%26qos.enable%3Dfalse%26qos.port%3D22310%26register.ip%3D172.27.71.185%26release%3D2.7.3%26retries%3D-1%26side%3Dconsumer%26sticky%3Dfalse%26timeout%3D3000%26timestamp%3D1649162237840&register.ip=172.27.71.185&registry=nacos&release=2.7.3&retries=-1&side=consumer&sticky=false&timeout=3000&timestamp=1649162237840, dubbo version: 2.7.3, current host: 172.27.71.185
[${project.name}][${env:SERVER_PORT}] 2022-04-05 20:37:22,704 INFO
            [main][EndpointLinksResolver.java:59] - Exposing 4 endpoint(s) beneath base path '/actuator'
[${project.name}][${env:SERVER_PORT}] 2022-04-05 20:37:23,195 INFO
            [main][PropertySourcedRequestMappingHandlerMapping.java:69] - Mapped URL path [/v2/api-docs] onto method [public org.springframework.http.ResponseEntity<springfox.documentation.spring.web.json.Json> springfox.documentation.swagger2.web.Swagger2Controller.getDocumentation(java.lang.String,javax.servlet.http.HttpServletRequest)]
[${project.name}][${env:SERVER_PORT}] 2022-04-05 20:37:23,704 WARN
            [main][URLConfigurationSource.java:121] - No URLs will be polled as dynamic configuration sources.
[${project.name}][${env:SERVER_PORT}] 2022-04-05 20:37:23,704 INFO
            [main][URLConfigurationSource.java:122] - To enable URLs as dynamic configuration sources, define System property archaius.configurationSource.additionalUrls or make config.properties available on classpath.
[${project.name}][${env:SERVER_PORT}] 2022-04-05 20:37:23,724 WARN
            [main][URLConfigurationSource.java:121] - No URLs will be polled as dynamic configuration sources.
[${project.name}][${env:SERVER_PORT}] 2022-04-05 20:37:23,725 INFO
            [main][URLConfigurationSource.java:122] - To enable URLs as dynamic configuration sources, define System property archaius.configurationSource.additionalUrls or make config.properties available on classpath.
[${project.name}][${env:SERVER_PORT}] 2022-04-05 20:37:24,101 INFO
            [main][ExecutorConfigurationSupport.java:171] - Initializing ExecutorService 'applicationTaskExecutor'
[${project.name}][${env:SERVER_PORT}] 2022-04-05 20:37:24,895 INFO
            [main][ExecutorConfigurationSupport.java:171] - Initializing ExecutorService
[${project.name}][${env:SERVER_PORT}] 2022-04-05 20:37:24,944 INFO
            [main][DubboConfigBindingBeanPostProcessor.java:109] - The properties of bean [name : org.apache.dubbo.config.ProtocolConfig#0] have been binding by prefix of configuration properties : dubbo.protocol
[${project.name}][${env:SERVER_PORT}] 2022-04-05 20:37:26,075 INFO
            [main][DubboServiceMetadataRepository.java:262] - The metadata of Dubbo services has been initialized
[${project.name}][${env:SERVER_PORT}] 2022-04-05 20:37:26,106 INFO
            [main][DocumentationPluginsBootstrapper.java:160] - Context refreshed
[${project.name}][${env:SERVER_PORT}] 2022-04-05 20:37:26,118 WARN
            [ThreadPoolTaskScheduler-1][DubboServiceMetadataRepository.java:216] - Current application will subscribe all services(size:2) in registry, a lot of memory and CPU cycles may be used, thus it's strongly recommend you using the externalized property 'dubbo.cloud.subscribed-services' to specify the services
[${project.name}][${env:SERVER_PORT}] 2022-04-05 20:37:26,121 INFO
            [com.alibaba.nacos.naming.client.listener][DubboServiceDiscoveryAutoConfiguration.java:157] - The event of the service instances[name : merchant-service , size : 0] change is about to be dispatched
[${project.name}][${env:SERVER_PORT}] 2022-04-05 20:37:26,123 INFO
            [com.alibaba.nacos.naming.client.listener][AbstractSpringCloudRegistry.java:213] - The Dubbo Service URL[ID : consumer://172.27.71.185/com.shanjupay.merchant.api.AppService] is being subscribed for service[name : merchant-service]
[${project.name}][${env:SERVER_PORT}] 2022-04-05 20:37:26,124 INFO
            [com.alibaba.nacos.naming.client.listener][AbstractSpringCloudRegistry.java:223] - The metadata of Dubbo service[key : com.shanjupay.merchant.api.AppService] can't be found when the subscribed service[name : merchant-service], and then try to initialize it
[${project.name}][${env:SERVER_PORT}] 2022-04-05 20:37:26,125 WARN
            [com.alibaba.nacos.naming.client.listener][AbstractSpringCloudRegistry.java:234] - The metadata of Dubbo service[key : com.shanjupay.merchant.api.AppService] still can't be found, it could effect the further Dubbo service invocation
[${project.name}][${env:SERVER_PORT}] 2022-04-05 20:37:26,125 INFO
            [com.alibaba.nacos.naming.client.listener][AbstractSpringCloudRegistry.java:213] - The Dubbo Service URL[ID : consumer://172.27.71.185/com.shanjupay.merchant.api.MerchantService] is being subscribed for service[name : merchant-service]
[${project.name}][${env:SERVER_PORT}] 2022-04-05 20:37:26,125 INFO
            [com.alibaba.nacos.naming.client.listener][AbstractSpringCloudRegistry.java:223] - The metadata of Dubbo service[key : com.shanjupay.merchant.api.MerchantService] can't be found when the subscribed service[name : merchant-service], and then try to initialize it
[${project.name}][${env:SERVER_PORT}] 2022-04-05 20:37:26,127 WARN
            [com.alibaba.nacos.naming.client.listener][AbstractSpringCloudRegistry.java:234] - The metadata of Dubbo service[key : com.shanjupay.merchant.api.MerchantService] still can't be found, it could effect the further Dubbo service invocation
[${project.name}][${env:SERVER_PORT}] 2022-04-05 20:37:26,150 INFO
            [main][DocumentationPluginsBootstrapper.java:163] - Found 1 custom documentation plugin(s)
[${project.name}][${env:SERVER_PORT}] 2022-04-05 20:37:26,242 INFO
            [main][ApiListingReferenceScanner.java:41] - Scanning for api listing references
[${project.name}][${env:SERVER_PORT}] 2022-04-05 20:37:27,219 INFO
            [main][StartupInfoLogger.java:59] - Started TokenTemp in 27.343 seconds (JVM running for 32.154)
[${project.name}][${env:SERVER_PORT}] 2022-04-05 20:37:27,292 WARN
            [main][AbstractInterfaceConfig.java:265] -  [DUBBO] There's no valid metadata config found, if you are using the simplified mode of registry url, please make sure you have a metadata address configured properly., dubbo version: 2.7.3, current host: 172.27.71.185
[${project.name}][${env:SERVER_PORT}] 2022-04-05 20:37:27,837 INFO
            [Thread-9][AwaitingNonWebApplicationListener.java:155] -  [Dubbo] Current Spring Boot Application is about to shutdown...
[${project.name}][${env:SERVER_PORT}] 2022-04-05 20:37:27,837 INFO
            [Thread-9][AbstractRegistryFactory.java:68] -  [DUBBO] Close all registries [nacos://127.0.0.1:8848/org.apache.dubbo.registry.RegistryService?application=merchant-application&dubbo=2.0.2&interface=org.apache.dubbo.registry.RegistryService&pid=18252&qos.enable=false&qos.port=22310&release=2.7.3&timestamp=1649162237298], dubbo version: 2.7.3, current host: 172.27.71.185
[${project.name}][${env:SERVER_PORT}] 2022-04-05 20:37:27,838 INFO
            [Thread-9][AbstractRegistry.java:458] -  [DUBBO] Destroy registry:nacos://127.0.0.1:8848/org.apache.dubbo.registry.RegistryService?application=merchant-application&dubbo=2.0.2&interface=org.apache.dubbo.registry.RegistryService&pid=18252&qos.enable=false&qos.port=22310&release=2.7.3&timestamp=1649162237298, dubbo version: 2.7.3, current host: 172.27.71.185
[${project.name}][${env:SERVER_PORT}] 2022-04-05 20:37:27,838 INFO
            [Thread-9][AbstractRegistry.java:291] -  [DUBBO] Unregister: consumer://172.27.71.185/com.shanjupay.merchant.api.MerchantService?application=merchant-application&category=consumers&check=false&dubbo=2.0.2&interface=com.shanjupay.merchant.api.MerchantService&lazy=false&methods=queryMerchantById,applyMerchant,createMerchant&pid=18252&qos.enable=false&qos.port=22310&release=2.7.3&retries=-1&side=consumer&sticky=false&timeout=3000&timestamp=1649162237840, dubbo version: 2.7.3, current host: 172.27.71.185
[${project.name}][${env:SERVER_PORT}] 2022-04-05 20:37:27,845 INFO
            [Thread-9][AbstractRegistry.java:467] -  [DUBBO] Destroy unregister url consumer://172.27.71.185/com.shanjupay.merchant.api.MerchantService?application=merchant-application&category=consumers&check=false&dubbo=2.0.2&interface=com.shanjupay.merchant.api.MerchantService&lazy=false&methods=queryMerchantById,applyMerchant,createMerchant&pid=18252&qos.enable=false&qos.port=22310&release=2.7.3&retries=-1&side=consumer&sticky=false&timeout=3000&timestamp=1649162237840, dubbo version: 2.7.3, current host: 172.27.71.185
[${project.name}][${env:SERVER_PORT}] 2022-04-05 20:37:27,845 INFO
            [Thread-9][AbstractRegistry.java:291] -  [DUBBO] Unregister: consumer://172.27.71.185/com.shanjupay.merchant.api.AppService?application=merchant-application&category=consumers&check=false&dubbo=2.0.2&interface=com.shanjupay.merchant.api.AppService&lazy=false&methods=queryAppByMerchant,createApp,getAppById&pid=18252&qos.enable=false&qos.port=22310&release=2.7.3&retries=-1&side=consumer&sticky=false&timeout=3000&timestamp=1649162237233, dubbo version: 2.7.3, current host: 172.27.71.185
[${project.name}][${env:SERVER_PORT}] 2022-04-05 20:37:27,851 INFO
            [Thread-9][AbstractRegistry.java:467] -  [DUBBO] Destroy unregister url consumer://172.27.71.185/com.shanjupay.merchant.api.AppService?application=merchant-application&category=consumers&check=false&dubbo=2.0.2&interface=com.shanjupay.merchant.api.AppService&lazy=false&methods=queryAppByMerchant,createApp,getAppById&pid=18252&qos.enable=false&qos.port=22310&release=2.7.3&retries=-1&side=consumer&sticky=false&timeout=3000&timestamp=1649162237233, dubbo version: 2.7.3, current host: 172.27.71.185
[${project.name}][${env:SERVER_PORT}] 2022-04-05 20:37:27,852 INFO
            [Thread-9][AbstractRegistry.java:320] -  [DUBBO] Unsubscribe: consumer://172.27.71.185/com.shanjupay.merchant.api.AppService?application=merchant-application&category=providers,configurators,routers&check=false&dubbo=2.0.2&interface=com.shanjupay.merchant.api.AppService&lazy=false&methods=queryAppByMerchant,createApp,getAppById&pid=18252&qos.enable=false&qos.port=22310&release=2.7.3&retries=-1&side=consumer&sticky=false&timeout=3000&timestamp=1649162237233, dubbo version: 2.7.3, current host: 172.27.71.185
[${project.name}][${env:SERVER_PORT}] 2022-04-05 20:37:27,852 INFO
            [Thread-9][AbstractRegistry.java:483] -  [DUBBO] Destroy unsubscribe url consumer://172.27.71.185/com.shanjupay.merchant.api.AppService?application=merchant-application&category=providers,configurators,routers&check=false&dubbo=2.0.2&interface=com.shanjupay.merchant.api.AppService&lazy=false&methods=queryAppByMerchant,createApp,getAppById&pid=18252&qos.enable=false&qos.port=22310&release=2.7.3&retries=-1&side=consumer&sticky=false&timeout=3000&timestamp=1649162237233, dubbo version: 2.7.3, current host: 172.27.71.185
[${project.name}][${env:SERVER_PORT}] 2022-04-05 20:37:27,853 INFO
            [Thread-9][AbstractRegistry.java:320] -  [DUBBO] Unsubscribe: consumer://172.27.71.185/com.shanjupay.merchant.api.MerchantService?application=merchant-application&category=providers,configurators,routers&check=false&dubbo=2.0.2&interface=com.shanjupay.merchant.api.MerchantService&lazy=false&methods=queryMerchantById,applyMerchant,createMerchant&pid=18252&qos.enable=false&qos.port=22310&release=2.7.3&retries=-1&side=consumer&sticky=false&timeout=3000&timestamp=1649162237840, dubbo version: 2.7.3, current host: 172.27.71.185
[${project.name}][${env:SERVER_PORT}] 2022-04-05 20:37:27,853 INFO
            [Thread-9][AbstractRegistry.java:483] -  [DUBBO] Destroy unsubscribe url consumer://172.27.71.185/com.shanjupay.merchant.api.MerchantService?application=merchant-application&category=providers,configurators,routers&check=false&dubbo=2.0.2&interface=com.shanjupay.merchant.api.MerchantService&lazy=false&methods=queryMerchantById,applyMerchant,createMerchant&pid=18252&qos.enable=false&qos.port=22310&release=2.7.3&retries=-1&side=consumer&sticky=false&timeout=3000&timestamp=1649162237840, dubbo version: 2.7.3, current host: 172.27.71.185
[${project.name}][${env:SERVER_PORT}] 2022-04-05 20:37:27,863 INFO
            [Thread-9][Server.java:112] -  [DUBBO] qos-server stopped., dubbo version: 2.7.3, current host: 172.27.71.185
[${project.name}][${env:SERVER_PORT}] 2022-04-05 20:37:27,873 INFO
            [Thread-9][ExecutorConfigurationSupport.java:208] - Shutting down ExecutorService 'applicationTaskExecutor'
[${project.name}][${env:SERVER_PORT}] 2022-04-05 20:37:27,892 INFO
            [Thread-9][DubboGenericServiceFactory.java:159] - The Dubbo GenericService ReferenceBeans are destroying...
[${project.name}][${env:SERVER_PORT}] 2022-04-05 20:37:27,893 INFO
            [Thread-9][AnnotationInjectedBeanPostProcessor.java:293] - org.apache.dubbo.common.bytecode.proxy0@16c06063 was destroying!
[${project.name}][${env:SERVER_PORT}] 2022-04-05 20:37:27,893 INFO
            [Thread-9][AnnotationInjectedBeanPostProcessor.java:293] - org.apache.dubbo.common.bytecode.proxy1@cd59a69 was destroying!
[${project.name}][${env:SERVER_PORT}] 2022-04-05 20:37:27,893 INFO
            [Thread-9][AnnotationInjectedBeanPostProcessor.java:305] - class org.apache.dubbo.config.spring.beans.factory.annotation.ReferenceAnnotationBeanPostProcessor was destroying!
