[${project.name}][${env:SERVER_PORT}] 2022-04-10 15:07:20,980 INFO
            [main][AbstractTestContextBootstrapper.java:308] - Neither @ContextConfiguration nor @ContextHierarchy found for test class [com.shanjupay.merchant.TokenTemp], using SpringBootContextLoader
[${project.name}][${env:SERVER_PORT}] 2022-04-10 15:07:21,008 INFO
            [main][AbstractContextLoader.java:264] - Could not detect default resource locations for test class [com.shanjupay.merchant.TokenTemp]: no resource found for suffixes {-context.xml, Context.groovy}.
[${project.name}][${env:SERVER_PORT}] 2022-04-10 15:07:21,010 INFO
            [main][AnnotationConfigContextLoaderUtils.java:83] - Could not detect default configuration classes for test class [com.shanjupay.merchant.TokenTemp]: TokenTemp does not declare any static, non-private, non-final, nested classes annotated with @Configuration.
[${project.name}][${env:SERVER_PORT}] 2022-04-10 15:07:21,222 INFO
            [main][SpringBootTestContextBootstrapper.java:247] - Found @SpringBootConfiguration com.shanjupay.merchant.MerchantApplicationBootstrap for test class com.shanjupay.merchant.TokenTemp
[${project.name}][${env:SERVER_PORT}] 2022-04-10 15:07:21,487 INFO
            [main][AbstractTestContextBootstrapper.java:248] - Loaded default TestExecutionListener class names from location [META-INF/spring.factories]: [org.springframework.boot.test.mock.mockito.MockitoTestExecutionListener, org.springframework.boot.test.mock.mockito.ResetMocksTestExecutionListener, org.springframework.boot.test.autoconfigure.restdocs.RestDocsTestExecutionListener, org.springframework.boot.test.autoconfigure.web.client.MockRestServiceServerResetTestExecutionListener, org.springframework.boot.test.autoconfigure.web.servlet.MockMvcPrintOnlyOnFailureTestExecutionListener, org.springframework.boot.test.autoconfigure.web.servlet.WebDriverTestExecutionListener, org.springframework.test.context.web.ServletTestExecutionListener, org.springframework.test.context.support.DirtiesContextBeforeModesTestExecutionListener, org.springframework.test.context.support.DependencyInjectionTestExecutionListener, org.springframework.test.context.support.DirtiesContextTestExecutionListener, org.springframework.test.context.transaction.TransactionalTestExecutionListener, org.springframework.test.context.jdbc.SqlScriptsTestExecutionListener]
[${project.name}][${env:SERVER_PORT}] 2022-04-10 15:07:21,514 INFO
            [main][AbstractTestContextBootstrapper.java:177] - Using TestExecutionListeners: [org.springframework.test.context.web.ServletTestExecutionListener@3aa078fd, org.springframework.test.context.support.DirtiesContextBeforeModesTestExecutionListener@d23e042, org.springframework.boot.test.mock.mockito.MockitoTestExecutionListener@46d59067, org.springframework.boot.test.autoconfigure.SpringBootDependencyInjectionTestExecutionListener@2d0399f4, org.springframework.test.context.support.DirtiesContextTestExecutionListener@14dd7b39, org.springframework.boot.test.mock.mockito.ResetMocksTestExecutionListener@66ea810, org.springframework.boot.test.autoconfigure.restdocs.RestDocsTestExecutionListener@6cd24612, org.springframework.boot.test.autoconfigure.web.client.MockRestServiceServerResetTestExecutionListener@5dafbe45, org.springframework.boot.test.autoconfigure.web.servlet.MockMvcPrintOnlyOnFailureTestExecutionListener@2254127a, org.springframework.boot.test.autoconfigure.web.servlet.WebDriverTestExecutionListener@51891008]
[${project.name}][${env:SERVER_PORT}] 2022-04-10 15:07:22,671 INFO
            [main][:] - using logger: org.apache.dubbo.common.logger.slf4j.Slf4jLoggerAdapter
[${project.name}][${env:SERVER_PORT}] 2022-04-10 15:07:22,681 INFO
            [main][WelcomeLogoApplicationListener.java:63] - 

 :: Dubbo Spring Boot (v2.7.1) : https://github.com/apache/incubator-dubbo-spring-boot-project
 :: Dubbo (v2.7.3) : https://github.com/apache/incubator-dubbo
 :: Discuss group : dev@dubbo.apache.org

[${project.name}][${env:SERVER_PORT}] 2022-04-10 15:07:22,691 INFO
            [main][OverrideDubboConfigApplicationListener.java:68] - Dubbo Config was overridden by externalized configuration {dubbo.application.name=merchant-application, dubbo.application.qos-enable=false, dubbo.application.qos.port=22310, dubbo.config.multiple=true, dubbo.consumer.check=false, dubbo.consumer.retries=-1, dubbo.consumer.timeout=3000, dubbo.protocol.name=dubbo, dubbo.protocol.port=20891, dubbo.registry.address=nacos://127.0.0.1:8848, dubbo.scan.base-packages=com.shanjupay}
[${project.name}][${env:SERVER_PORT}] 2022-04-10 15:07:23,287 INFO
            [main][PostProcessorRegistrationDelegate.java:330] - Bean 'org.springframework.cloud.autoconfigure.ConfigurationPropertiesRebinderAutoConfiguration' of type [org.springframework.cloud.autoconfigure.ConfigurationPropertiesRebinderAutoConfiguration$$EnhancerBySpringCGLIB$$be35b477] is not eligible for getting processed by all BeanPostProcessors (for example: not eligible for auto-proxying)
[${project.name}][${env:SERVER_PORT}] 2022-04-10 15:07:23,394 INFO
            [pool-3-thread-1][AwaitingNonWebApplicationListener.java:140] -  [Dubbo] Current Spring Boot Application is await...
[${project.name}][${env:SERVER_PORT}] 2022-04-10 15:07:23,924 INFO
            [main][OverrideDubboConfigApplicationListener.java:68] - Dubbo Config was overridden by externalized configuration {dubbo.application.name=merchant-application, dubbo.application.qos-enable=false, dubbo.application.qos.port=22310, dubbo.config.multiple=true, dubbo.consumer.check=false, dubbo.consumer.retries=-1, dubbo.consumer.timeout=3000, dubbo.protocol.name=dubbo, dubbo.protocol.port=20891, dubbo.registry.address=nacos://127.0.0.1:8848, dubbo.scan.base-packages=com.shanjupay}
[${project.name}][${env:SERVER_PORT}] 2022-04-10 15:07:24,487 INFO
            [main][NacosPropertySourceBuilder.java:87] - Loading nacos data, dataId: 'spring-boot-http.yaml', group: 'COMMON_GROUP'
[${project.name}][${env:SERVER_PORT}] 2022-04-10 15:07:24,507 INFO
            [main][NacosPropertySourceBuilder.java:87] - Loading nacos data, dataId: 'merchant-application.yaml', group: 'SHANJUPAY_GROUP'
[${project.name}][${env:SERVER_PORT}] 2022-04-10 15:07:24,509 INFO
            [main][PropertySourceBootstrapConfiguration.java:98] - Located property source: CompositePropertySource {name='NACOS', propertySources=[NacosPropertySource {name='merchant-application.yaml'}, NacosPropertySource {name='spring-boot-http.yaml'}]}
[${project.name}][${env:SERVER_PORT}] 2022-04-10 15:07:24,538 INFO
            [main][SpringApplication.java:675] - No active profile set, falling back to default profiles: default
[${project.name}][${env:SERVER_PORT}] 2022-04-10 15:07:25,632 WARN
            [main][EndpointId.java:135] - Endpoint ID 'nacos-config' contains invalid characters, please migrate to a valid format.
[${project.name}][${env:SERVER_PORT}] 2022-04-10 15:07:25,637 WARN
            [main][EndpointId.java:135] - Endpoint ID 'nacos-discovery' contains invalid characters, please migrate to a valid format.
[${project.name}][${env:SERVER_PORT}] 2022-04-10 15:07:25,655 INFO
            [main][DubboConfigBindingRegistrar.java:127] - The dubbo config bean definition [name : org.apache.dubbo.config.ApplicationConfig#0, class : org.apache.dubbo.config.ApplicationConfig] has been registered.
[${project.name}][${env:SERVER_PORT}] 2022-04-10 15:07:25,656 INFO
            [main][DubboConfigBindingRegistrar.java:151] - The BeanPostProcessor bean definition [org.apache.dubbo.config.spring.beans.factory.annotation.DubboConfigBindingBeanPostProcessor] for dubbo config bean [name : org.apache.dubbo.config.ApplicationConfig#0] has been registered.
[${project.name}][${env:SERVER_PORT}] 2022-04-10 15:07:25,657 INFO
            [main][DubboConfigBindingRegistrar.java:127] - The dubbo config bean definition [name : org.apache.dubbo.config.RegistryConfig#0, class : org.apache.dubbo.config.RegistryConfig] has been registered.
[${project.name}][${env:SERVER_PORT}] 2022-04-10 15:07:25,657 INFO
            [main][DubboConfigBindingRegistrar.java:151] - The BeanPostProcessor bean definition [org.apache.dubbo.config.spring.beans.factory.annotation.DubboConfigBindingBeanPostProcessor] for dubbo config bean [name : org.apache.dubbo.config.RegistryConfig#0] has been registered.
[${project.name}][${env:SERVER_PORT}] 2022-04-10 15:07:25,658 INFO
            [main][DubboConfigBindingRegistrar.java:127] - The dubbo config bean definition [name : org.apache.dubbo.config.ProtocolConfig#0, class : org.apache.dubbo.config.ProtocolConfig] has been registered.
[${project.name}][${env:SERVER_PORT}] 2022-04-10 15:07:25,658 INFO
            [main][DubboConfigBindingRegistrar.java:151] - The BeanPostProcessor bean definition [org.apache.dubbo.config.spring.beans.factory.annotation.DubboConfigBindingBeanPostProcessor] for dubbo config bean [name : org.apache.dubbo.config.ProtocolConfig#0] has been registered.
[${project.name}][${env:SERVER_PORT}] 2022-04-10 15:07:25,660 INFO
            [main][DubboConfigBindingRegistrar.java:127] - The dubbo config bean definition [name : org.apache.dubbo.config.ConsumerConfig#0, class : org.apache.dubbo.config.ConsumerConfig] has been registered.
[${project.name}][${env:SERVER_PORT}] 2022-04-10 15:07:25,660 INFO
            [main][DubboConfigBindingRegistrar.java:151] - The BeanPostProcessor bean definition [org.apache.dubbo.config.spring.beans.factory.annotation.DubboConfigBindingBeanPostProcessor] for dubbo config bean [name : org.apache.dubbo.config.ConsumerConfig#0] has been registered.
[${project.name}][${env:SERVER_PORT}] 2022-04-10 15:07:25,884 WARN
            [main][EndpointId.java:135] - Endpoint ID 'service-registry' contains invalid characters, please migrate to a valid format.
[${project.name}][${env:SERVER_PORT}] 2022-04-10 15:07:26,022 INFO
            [main][ServiceAnnotationBeanPostProcessor.java:204] -  [DUBBO] BeanNameGenerator bean can't be found in BeanFactory with name [org.springframework.context.annotation.internalConfigurationBeanNameGenerator], dubbo version: 2.7.3, current host: 172.27.121.163
[${project.name}][${env:SERVER_PORT}] 2022-04-10 15:07:26,022 INFO
            [main][ServiceAnnotationBeanPostProcessor.java:206] -  [DUBBO] BeanNameGenerator will be a instance of org.springframework.context.annotation.AnnotationBeanNameGenerator , it maybe a potential problem on bean name generation., dubbo version: 2.7.3, current host: 172.27.121.163
[${project.name}][${env:SERVER_PORT}] 2022-04-10 15:07:26,070 WARN
            [main][ServiceAnnotationBeanPostProcessor.java:169] -  [DUBBO] No Spring Bean annotating Dubbo's @Service was found under package[com.shanjupay], dubbo version: 2.7.3, current host: 172.27.121.163
[${project.name}][${env:SERVER_PORT}] 2022-04-10 15:07:26,074 INFO
            [main][ConfigurationClassPostProcessor.java:380] - Cannot enhance @Configuration bean definition 'org.apache.dubbo.spring.boot.autoconfigure.DubboRelaxedBinding2AutoConfiguration' since its singleton instance has been created too early. The typical cause is a non-static @Bean method with a BeanDefinitionRegistryPostProcessor return type: Consider declaring such methods as 'static'.
[${project.name}][${env:SERVER_PORT}] 2022-04-10 15:07:26,074 INFO
            [main][ConfigurationClassPostProcessor.java:380] - Cannot enhance @Configuration bean definition 'org.apache.dubbo.spring.boot.autoconfigure.DubboAutoConfiguration' since its singleton instance has been created too early. The typical cause is a non-static @Bean method with a BeanDefinitionRegistryPostProcessor return type: Consider declaring such methods as 'static'.
[${project.name}][${env:SERVER_PORT}] 2022-04-10 15:07:26,289 INFO
            [main][GenericScope.java:294] - BeanFactory id=7841faed-d5cd-3d93-a004-675db838f38f
[${project.name}][${env:SERVER_PORT}] 2022-04-10 15:07:26,631 INFO
            [main][PostProcessorRegistrationDelegate.java:330] - Bean 'com.alibaba.cloud.dubbo.autoconfigure.DubboOpenFeignAutoConfiguration' of type [com.alibaba.cloud.dubbo.autoconfigure.DubboOpenFeignAutoConfiguration$$EnhancerBySpringCGLIB$$25dd007e] is not eligible for getting processed by all BeanPostProcessors (for example: not eligible for auto-proxying)
[${project.name}][${env:SERVER_PORT}] 2022-04-10 15:07:26,655 INFO
            [main][PostProcessorRegistrationDelegate.java:330] - Bean 'dubbo.cloud-com.alibaba.cloud.dubbo.env.DubboCloudProperties' of type [com.alibaba.cloud.dubbo.env.DubboCloudProperties] is not eligible for getting processed by all BeanPostProcessors (for example: not eligible for auto-proxying)
[${project.name}][${env:SERVER_PORT}] 2022-04-10 15:07:26,682 INFO
            [main][PostProcessorRegistrationDelegate.java:330] - Bean 'metadataJsonResolver' of type [com.alibaba.cloud.dubbo.metadata.resolver.DubboServiceBeanMetadataResolver] is not eligible for getting processed by all BeanPostProcessors (for example: not eligible for auto-proxying)
[${project.name}][${env:SERVER_PORT}] 2022-04-10 15:07:26,697 INFO
            [main][PostProcessorRegistrationDelegate.java:330] - Bean 'org.apache.dubbo.config.ApplicationConfig#0' of type [org.apache.dubbo.config.ApplicationConfig] is not eligible for getting processed by all BeanPostProcessors (for example: not eligible for auto-proxying)
[${project.name}][${env:SERVER_PORT}] 2022-04-10 15:07:26,704 INFO
            [main][PostProcessorRegistrationDelegate.java:330] - Bean 'dubboProtocolConfigSupplier' of type [com.alibaba.cloud.dubbo.metadata.DubboProtocolConfigSupplier] is not eligible for getting processed by all BeanPostProcessors (for example: not eligible for auto-proxying)
[${project.name}][${env:SERVER_PORT}] 2022-04-10 15:07:26,706 INFO
            [main][PostProcessorRegistrationDelegate.java:330] - Bean 'com.alibaba.cloud.dubbo.service.DubboMetadataServiceExporter' of type [com.alibaba.cloud.dubbo.service.DubboMetadataServiceExporter] is not eligible for getting processed by all BeanPostProcessors (for example: not eligible for auto-proxying)
[${project.name}][${env:SERVER_PORT}] 2022-04-10 15:07:26,707 INFO
            [main][PostProcessorRegistrationDelegate.java:330] - Bean 'com.alibaba.cloud.dubbo.autoconfigure.DubboMetadataAutoConfiguration' of type [com.alibaba.cloud.dubbo.autoconfigure.DubboMetadataAutoConfiguration$$EnhancerBySpringCGLIB$$981c9cf8] is not eligible for getting processed by all BeanPostProcessors (for example: not eligible for auto-proxying)
[${project.name}][${env:SERVER_PORT}] 2022-04-10 15:07:26,716 INFO
            [main][PostProcessorRegistrationDelegate.java:330] - Bean 'com.alibaba.cloud.dubbo.autoconfigure.DubboServiceAutoConfiguration' of type [com.alibaba.cloud.dubbo.autoconfigure.DubboServiceAutoConfiguration$$EnhancerBySpringCGLIB$$2ac6a550] is not eligible for getting processed by all BeanPostProcessors (for example: not eligible for auto-proxying)
[${project.name}][${env:SERVER_PORT}] 2022-04-10 15:07:26,726 INFO
            [main][PostProcessorRegistrationDelegate.java:330] - Bean 'dubboGenericServiceFactory' of type [com.alibaba.cloud.dubbo.service.DubboGenericServiceFactory] is not eligible for getting processed by all BeanPostProcessors (for example: not eligible for auto-proxying)
[${project.name}][${env:SERVER_PORT}] 2022-04-10 15:07:26,733 INFO
            [main][PostProcessorRegistrationDelegate.java:330] - Bean 'dubboMetadataConfigServiceProxy' of type [com.alibaba.cloud.dubbo.service.DubboMetadataServiceProxy] is not eligible for getting processed by all BeanPostProcessors (for example: not eligible for auto-proxying)
[${project.name}][${env:SERVER_PORT}] 2022-04-10 15:07:26,741 INFO
            [main][PostProcessorRegistrationDelegate.java:330] - Bean 'org.springframework.cloud.client.discovery.composite.CompositeDiscoveryClientAutoConfiguration' of type [org.springframework.cloud.client.discovery.composite.CompositeDiscoveryClientAutoConfiguration$$EnhancerBySpringCGLIB$$eb0bdf0a] is not eligible for getting processed by all BeanPostProcessors (for example: not eligible for auto-proxying)
[${project.name}][${env:SERVER_PORT}] 2022-04-10 15:07:26,750 INFO
            [main][PostProcessorRegistrationDelegate.java:330] - Bean 'com.alibaba.cloud.nacos.discovery.NacosDiscoveryClientAutoConfiguration' of type [com.alibaba.cloud.nacos.discovery.NacosDiscoveryClientAutoConfiguration$$EnhancerBySpringCGLIB$$ded6e7cf] is not eligible for getting processed by all BeanPostProcessors (for example: not eligible for auto-proxying)
[${project.name}][${env:SERVER_PORT}] 2022-04-10 15:07:26,768 INFO
            [main][PostProcessorRegistrationDelegate.java:330] - Bean 'org.springframework.cloud.commons.util.UtilAutoConfiguration' of type [org.springframework.cloud.commons.util.UtilAutoConfiguration$$EnhancerBySpringCGLIB$$69c97afe] is not eligible for getting processed by all BeanPostProcessors (for example: not eligible for auto-proxying)
[${project.name}][${env:SERVER_PORT}] 2022-04-10 15:07:26,780 INFO
            [main][PostProcessorRegistrationDelegate.java:330] - Bean 'inetUtilsProperties' of type [org.springframework.cloud.commons.util.InetUtilsProperties] is not eligible for getting processed by all BeanPostProcessors (for example: not eligible for auto-proxying)
[${project.name}][${env:SERVER_PORT}] 2022-04-10 15:07:26,783 INFO
            [main][PostProcessorRegistrationDelegate.java:330] - Bean 'inetUtils' of type [org.springframework.cloud.commons.util.InetUtils] is not eligible for getting processed by all BeanPostProcessors (for example: not eligible for auto-proxying)
[${project.name}][${env:SERVER_PORT}] 2022-04-10 15:07:27,376 INFO
            [main][PostProcessorRegistrationDelegate.java:330] - Bean 'nacosProperties' of type [com.alibaba.cloud.nacos.NacosDiscoveryProperties] is not eligible for getting processed by all BeanPostProcessors (for example: not eligible for auto-proxying)
[${project.name}][${env:SERVER_PORT}] 2022-04-10 15:07:27,381 INFO
            [main][PostProcessorRegistrationDelegate.java:330] - Bean 'nacosDiscoveryClient' of type [com.alibaba.cloud.nacos.discovery.NacosDiscoveryClient] is not eligible for getting processed by all BeanPostProcessors (for example: not eligible for auto-proxying)
[${project.name}][${env:SERVER_PORT}] 2022-04-10 15:07:27,412 INFO
            [main][PostProcessorRegistrationDelegate.java:330] - Bean 'server-org.springframework.boot.autoconfigure.web.ServerProperties' of type [org.springframework.boot.autoconfigure.web.ServerProperties] is not eligible for getting processed by all BeanPostProcessors (for example: not eligible for auto-proxying)
[${project.name}][${env:SERVER_PORT}] 2022-04-10 15:07:27,416 INFO
            [main][PostProcessorRegistrationDelegate.java:330] - Bean 'org.springframework.cloud.client.discovery.simple.SimpleDiscoveryClientAutoConfiguration' of type [org.springframework.cloud.client.discovery.simple.SimpleDiscoveryClientAutoConfiguration$$EnhancerBySpringCGLIB$$b73a77d8] is not eligible for getting processed by all BeanPostProcessors (for example: not eligible for auto-proxying)
[${project.name}][${env:SERVER_PORT}] 2022-04-10 15:07:27,928 INFO
            [main][PostProcessorRegistrationDelegate.java:330] - Bean 'simpleDiscoveryProperties' of type [org.springframework.cloud.client.discovery.simple.SimpleDiscoveryProperties] is not eligible for getting processed by all BeanPostProcessors (for example: not eligible for auto-proxying)
[${project.name}][${env:SERVER_PORT}] 2022-04-10 15:07:27,932 INFO
            [main][PostProcessorRegistrationDelegate.java:330] - Bean 'simpleDiscoveryClient' of type [org.springframework.cloud.client.discovery.simple.SimpleDiscoveryClient] is not eligible for getting processed by all BeanPostProcessors (for example: not eligible for auto-proxying)
[${project.name}][${env:SERVER_PORT}] 2022-04-10 15:07:27,936 INFO
            [main][PostProcessorRegistrationDelegate.java:330] - Bean 'compositeDiscoveryClient' of type [org.springframework.cloud.client.discovery.composite.CompositeDiscoveryClient] is not eligible for getting processed by all BeanPostProcessors (for example: not eligible for auto-proxying)
[${project.name}][${env:SERVER_PORT}] 2022-04-10 15:07:27,940 INFO
            [main][PostProcessorRegistrationDelegate.java:330] - Bean 'com.alibaba.cloud.dubbo.util.JSONUtils' of type [com.alibaba.cloud.dubbo.util.JSONUtils] is not eligible for getting processed by all BeanPostProcessors (for example: not eligible for auto-proxying)
[${project.name}][${env:SERVER_PORT}] 2022-04-10 15:07:28,039 WARN
            [main][DubboServiceMetadataRepository.java:216] - Current application will subscribe all services(size:2) in registry, a lot of memory and CPU cycles may be used, thus it's strongly recommend you using the externalized property 'dubbo.cloud.subscribed-services' to specify the services
[${project.name}][${env:SERVER_PORT}] 2022-04-10 15:07:28,040 INFO
            [main][PostProcessorRegistrationDelegate.java:330] - Bean 'com.alibaba.cloud.dubbo.metadata.repository.DubboServiceMetadataRepository' of type [com.alibaba.cloud.dubbo.metadata.repository.DubboServiceMetadataRepository] is not eligible for getting processed by all BeanPostProcessors (for example: not eligible for auto-proxying)
[${project.name}][${env:SERVER_PORT}] 2022-04-10 15:07:28,055 INFO
            [main][PostProcessorRegistrationDelegate.java:330] - Bean 'com.alibaba.cloud.dubbo.service.parameter.RequestParamServiceParameterResolver' of type [com.alibaba.cloud.dubbo.service.parameter.RequestParamServiceParameterResolver] is not eligible for getting processed by all BeanPostProcessors (for example: not eligible for auto-proxying)
[${project.name}][${env:SERVER_PORT}] 2022-04-10 15:07:28,073 INFO
            [main][PostProcessorRegistrationDelegate.java:330] - Bean 'spring.http-org.springframework.boot.autoconfigure.http.HttpProperties' of type [org.springframework.boot.autoconfigure.http.HttpProperties] is not eligible for getting processed by all BeanPostProcessors (for example: not eligible for auto-proxying)
[${project.name}][${env:SERVER_PORT}] 2022-04-10 15:07:28,079 INFO
            [main][PostProcessorRegistrationDelegate.java:330] - Bean 'org.springframework.boot.autoconfigure.http.HttpMessageConvertersAutoConfiguration$StringHttpMessageConverterConfiguration' of type [org.springframework.boot.autoconfigure.http.HttpMessageConvertersAutoConfiguration$StringHttpMessageConverterConfiguration$$EnhancerBySpringCGLIB$$ef5d43ae] is not eligible for getting processed by all BeanPostProcessors (for example: not eligible for auto-proxying)
[${project.name}][${env:SERVER_PORT}] 2022-04-10 15:07:28,090 INFO
            [main][PostProcessorRegistrationDelegate.java:330] - Bean 'stringHttpMessageConverter' of type [org.springframework.http.converter.StringHttpMessageConverter] is not eligible for getting processed by all BeanPostProcessors (for example: not eligible for auto-proxying)
[${project.name}][${env:SERVER_PORT}] 2022-04-10 15:07:28,097 INFO
            [main][PostProcessorRegistrationDelegate.java:330] - Bean 'org.springframework.boot.autoconfigure.http.JacksonHttpMessageConvertersConfiguration$MappingJackson2HttpMessageConverterConfiguration' of type [org.springframework.boot.autoconfigure.http.JacksonHttpMessageConvertersConfiguration$MappingJackson2HttpMessageConverterConfiguration$$EnhancerBySpringCGLIB$$29333fae] is not eligible for getting processed by all BeanPostProcessors (for example: not eligible for auto-proxying)
[${project.name}][${env:SERVER_PORT}] 2022-04-10 15:07:28,113 INFO
            [main][PostProcessorRegistrationDelegate.java:330] - Bean 'org.springframework.boot.autoconfigure.jackson.JacksonAutoConfiguration$JacksonObjectMapperConfiguration' of type [org.springframework.boot.autoconfigure.jackson.JacksonAutoConfiguration$JacksonObjectMapperConfiguration$$EnhancerBySpringCGLIB$$fdaf310b] is not eligible for getting processed by all BeanPostProcessors (for example: not eligible for auto-proxying)
[${project.name}][${env:SERVER_PORT}] 2022-04-10 15:07:28,120 INFO
            [main][PostProcessorRegistrationDelegate.java:330] - Bean 'org.springframework.boot.autoconfigure.jackson.JacksonAutoConfiguration$JacksonObjectMapperBuilderConfiguration' of type [org.springframework.boot.autoconfigure.jackson.JacksonAutoConfiguration$JacksonObjectMapperBuilderConfiguration$$EnhancerBySpringCGLIB$$affbf324] is not eligible for getting processed by all BeanPostProcessors (for example: not eligible for auto-proxying)
[${project.name}][${env:SERVER_PORT}] 2022-04-10 15:07:28,126 INFO
            [main][PostProcessorRegistrationDelegate.java:330] - Bean 'org.springframework.boot.autoconfigure.jackson.JacksonAutoConfiguration$Jackson2ObjectMapperBuilderCustomizerConfiguration' of type [org.springframework.boot.autoconfigure.jackson.JacksonAutoConfiguration$Jackson2ObjectMapperBuilderCustomizerConfiguration$$EnhancerBySpringCGLIB$$6b12d913] is not eligible for getting processed by all BeanPostProcessors (for example: not eligible for auto-proxying)
[${project.name}][${env:SERVER_PORT}] 2022-04-10 15:07:28,131 INFO
            [main][PostProcessorRegistrationDelegate.java:330] - Bean 'spring.jackson-org.springframework.boot.autoconfigure.jackson.JacksonProperties' of type [org.springframework.boot.autoconfigure.jackson.JacksonProperties] is not eligible for getting processed by all BeanPostProcessors (for example: not eligible for auto-proxying)
[${project.name}][${env:SERVER_PORT}] 2022-04-10 15:07:28,139 INFO
            [main][PostProcessorRegistrationDelegate.java:330] - Bean 'standardJacksonObjectMapperBuilderCustomizer' of type [org.springframework.boot.autoconfigure.jackson.JacksonAutoConfiguration$Jackson2ObjectMapperBuilderCustomizerConfiguration$StandardJackson2ObjectMapperBuilderCustomizer] is not eligible for getting processed by all BeanPostProcessors (for example: not eligible for auto-proxying)
[${project.name}][${env:SERVER_PORT}] 2022-04-10 15:07:28,147 INFO
            [main][PostProcessorRegistrationDelegate.java:330] - Bean 'org.springframework.boot.autoconfigure.jackson.JacksonAutoConfiguration$ParameterNamesModuleConfiguration' of type [org.springframework.boot.autoconfigure.jackson.JacksonAutoConfiguration$ParameterNamesModuleConfiguration$$EnhancerBySpringCGLIB$$91de5041] is not eligible for getting processed by all BeanPostProcessors (for example: not eligible for auto-proxying)
[${project.name}][${env:SERVER_PORT}] 2022-04-10 15:07:28,160 INFO
            [main][PostProcessorRegistrationDelegate.java:330] - Bean 'parameterNamesModule' of type [com.fasterxml.jackson.module.paramnames.ParameterNamesModule] is not eligible for getting processed by all BeanPostProcessors (for example: not eligible for auto-proxying)
[${project.name}][${env:SERVER_PORT}] 2022-04-10 15:07:28,165 INFO
            [main][PostProcessorRegistrationDelegate.java:330] - Bean 'org.springframework.boot.autoconfigure.jackson.JacksonAutoConfiguration' of type [org.springframework.boot.autoconfigure.jackson.JacksonAutoConfiguration$$EnhancerBySpringCGLIB$$dfbace9a] is not eligible for getting processed by all BeanPostProcessors (for example: not eligible for auto-proxying)
[${project.name}][${env:SERVER_PORT}] 2022-04-10 15:07:28,173 INFO
            [main][PostProcessorRegistrationDelegate.java:330] - Bean 'jsonComponentModule' of type [org.springframework.boot.jackson.JsonComponentModule] is not eligible for getting processed by all BeanPostProcessors (for example: not eligible for auto-proxying)
[${project.name}][${env:SERVER_PORT}] 2022-04-10 15:07:28,178 INFO
            [main][PostProcessorRegistrationDelegate.java:330] - Bean 'jacksonObjectMapperBuilder' of type [org.springframework.http.converter.json.Jackson2ObjectMapperBuilder] is not eligible for getting processed by all BeanPostProcessors (for example: not eligible for auto-proxying)
[${project.name}][${env:SERVER_PORT}] 2022-04-10 15:07:28,202 INFO
            [main][PostProcessorRegistrationDelegate.java:330] - Bean 'jacksonObjectMapper' of type [com.fasterxml.jackson.databind.ObjectMapper] is not eligible for getting processed by all BeanPostProcessors (for example: not eligible for auto-proxying)
[${project.name}][${env:SERVER_PORT}] 2022-04-10 15:07:28,213 INFO
            [main][PostProcessorRegistrationDelegate.java:330] - Bean 'mappingJackson2HttpMessageConverter' of type [org.springframework.http.converter.json.MappingJackson2HttpMessageConverter] is not eligible for getting processed by all BeanPostProcessors (for example: not eligible for auto-proxying)
[${project.name}][${env:SERVER_PORT}] 2022-04-10 15:07:28,222 INFO
            [main][PostProcessorRegistrationDelegate.java:330] - Bean 'org.springframework.boot.autoconfigure.http.HttpMessageConvertersAutoConfiguration' of type [org.springframework.boot.autoconfigure.http.HttpMessageConvertersAutoConfiguration$$EnhancerBySpringCGLIB$$bc4f7d0e] is not eligible for getting processed by all BeanPostProcessors (for example: not eligible for auto-proxying)
[${project.name}][${env:SERVER_PORT}] 2022-04-10 15:07:28,233 INFO
            [main][PostProcessorRegistrationDelegate.java:330] - Bean 'messageConverters' of type [org.springframework.boot.autoconfigure.http.HttpMessageConverters] is not eligible for getting processed by all BeanPostProcessors (for example: not eligible for auto-proxying)
[${project.name}][${env:SERVER_PORT}] 2022-04-10 15:07:28,236 INFO
            [main][PostProcessorRegistrationDelegate.java:330] - Bean 'com.alibaba.cloud.dubbo.service.parameter.RequestBodyServiceParameterResolver' of type [com.alibaba.cloud.dubbo.service.parameter.RequestBodyServiceParameterResolver] is not eligible for getting processed by all BeanPostProcessors (for example: not eligible for auto-proxying)
[${project.name}][${env:SERVER_PORT}] 2022-04-10 15:07:28,244 INFO
            [main][PostProcessorRegistrationDelegate.java:330] - Bean 'com.alibaba.cloud.dubbo.service.parameter.RequestHeaderServiceParameterResolver' of type [com.alibaba.cloud.dubbo.service.parameter.RequestHeaderServiceParameterResolver] is not eligible for getting processed by all BeanPostProcessors (for example: not eligible for auto-proxying)
[${project.name}][${env:SERVER_PORT}] 2022-04-10 15:07:28,251 INFO
            [main][PostProcessorRegistrationDelegate.java:330] - Bean 'com.alibaba.cloud.dubbo.service.parameter.PathVariableServiceParameterResolver' of type [com.alibaba.cloud.dubbo.service.parameter.PathVariableServiceParameterResolver] is not eligible for getting processed by all BeanPostProcessors (for example: not eligible for auto-proxying)
[${project.name}][${env:SERVER_PORT}] 2022-04-10 15:07:28,251 INFO
            [main][PostProcessorRegistrationDelegate.java:330] - Bean 'com.alibaba.cloud.dubbo.service.DubboGenericServiceExecutionContextFactory' of type [com.alibaba.cloud.dubbo.service.DubboGenericServiceExecutionContextFactory] is not eligible for getting processed by all BeanPostProcessors (for example: not eligible for auto-proxying)
[${project.name}][${env:SERVER_PORT}] 2022-04-10 15:07:28,271 INFO
            [main][PostProcessorRegistrationDelegate.java:330] - Bean 'relaxedDubboConfigBinder' of type [org.apache.dubbo.spring.boot.autoconfigure.BinderDubboConfigBinder] is not eligible for getting processed by all BeanPostProcessors (for example: not eligible for auto-proxying)
[${project.name}][${env:SERVER_PORT}] 2022-04-10 15:07:28,281 INFO
            [main][PostProcessorRegistrationDelegate.java:330] - Bean 'relaxedDubboConfigBinder' of type [org.apache.dubbo.spring.boot.autoconfigure.BinderDubboConfigBinder] is not eligible for getting processed by all BeanPostProcessors (for example: not eligible for auto-proxying)
[${project.name}][${env:SERVER_PORT}] 2022-04-10 15:07:28,286 INFO
            [main][PostProcessorRegistrationDelegate.java:330] - Bean 'relaxedDubboConfigBinder' of type [org.apache.dubbo.spring.boot.autoconfigure.BinderDubboConfigBinder] is not eligible for getting processed by all BeanPostProcessors (for example: not eligible for auto-proxying)
[${project.name}][${env:SERVER_PORT}] 2022-04-10 15:07:28,290 INFO
            [main][PostProcessorRegistrationDelegate.java:330] - Bean 'relaxedDubboConfigBinder' of type [org.apache.dubbo.spring.boot.autoconfigure.BinderDubboConfigBinder] is not eligible for getting processed by all BeanPostProcessors (for example: not eligible for auto-proxying)
[${project.name}][${env:SERVER_PORT}] 2022-04-10 15:07:28,304 INFO
            [main][PostProcessorRegistrationDelegate.java:330] - Bean 'org.springframework.cloud.autoconfigure.ConfigurationPropertiesRebinderAutoConfiguration' of type [org.springframework.cloud.autoconfigure.ConfigurationPropertiesRebinderAutoConfiguration$$EnhancerBySpringCGLIB$$be35b477] is not eligible for getting processed by all BeanPostProcessors (for example: not eligible for auto-proxying)
[${project.name}][${env:SERVER_PORT}] 2022-04-10 15:07:28,656 INFO
            [main][DubboConfigBindingBeanPostProcessor.java:109] - The properties of bean [name : org.apache.dubbo.config.ConsumerConfig#0] have been binding by prefix of configuration properties : dubbo.consumer
[${project.name}][${env:SERVER_PORT}] 2022-04-10 15:07:28,681 INFO
            [main][DubboConfigBindingBeanPostProcessor.java:109] - The properties of bean [name : org.apache.dubbo.config.RegistryConfig#0] have been binding by prefix of configuration properties : dubbo.registry
[${project.name}][${env:SERVER_PORT}] 2022-04-10 15:07:28,693 INFO
            [main][AnnotatedInterfaceConfigBeanBuilder.java:84] - The configBean[type:ReferenceBean] has been built.
[${project.name}][${env:SERVER_PORT}] 2022-04-10 15:07:28,714 WARN
            [main][AbstractInterfaceConfig.java:265] -  [DUBBO] There's no valid metadata config found, if you are using the simplified mode of registry url, please make sure you have a metadata address configured properly., dubbo version: 2.7.3, current host: 172.27.121.163
[${project.name}][${env:SERVER_PORT}] 2022-04-10 15:07:28,738 INFO
            [main][AbstractInterfaceConfig.java:237] -  [DUBBO] There's no valid monitor config found, if you want to open monitor statistics for Dubbo, please make sure your monitor is configured properly., dubbo version: 2.7.3, current host: 172.27.121.163
[${project.name}][${env:SERVER_PORT}] 2022-04-10 15:07:28,740 INFO
            [main][AbstractInterfaceConfig.java:237] -  [DUBBO] There's no valid monitor config found, if you want to open monitor statistics for Dubbo, please make sure your monitor is configured properly., dubbo version: 2.7.3, current host: 172.27.121.163
[${project.name}][${env:SERVER_PORT}] 2022-04-10 15:07:28,771 INFO
            [main][QosProtocolWrapper.java:89] -  [DUBBO] qos won't be started because it is disabled. Please check dubbo.application.qos.enable is configured either in system property, dubbo.properties or XML/spring-boot configuration., dubbo version: 2.7.3, current host: 172.27.121.163
[${project.name}][${env:SERVER_PORT}] 2022-04-10 15:07:28,771 WARN
            [main][SpringExtensionFactory.java:86] -  [DUBBO] No spring extension (bean) named:applicationContext, try to find an extension (bean) of type org.springframework.context.ConfigurableApplicationContext, dubbo version: 2.7.3, current host: 172.27.121.163
[${project.name}][${env:SERVER_PORT}] 2022-04-10 15:07:28,774 WARN
            [main][SpringExtensionFactory.java:104] -  [DUBBO] No spring extension (bean) named:applicationContext, type:org.springframework.context.ConfigurableApplicationContext found, stop get bean., dubbo version: 2.7.3, current host: 172.27.121.163
[${project.name}][${env:SERVER_PORT}] 2022-04-10 15:07:28,830 INFO
            [main][AbstractRegistry.java:280] -  [DUBBO] Register: consumer://172.27.121.163/com.shanjupay.merchant.api.AppService?application=merchant-application&category=consumers&check=false&dubbo=2.0.2&interface=com.shanjupay.merchant.api.AppService&lazy=false&methods=queryAppByMerchant,createApp,getAppById&pid=8172&qos.enable=false&qos.port=22310&release=2.7.3&retries=-1&side=consumer&sticky=false&timeout=3000&timestamp=1649574448714, dubbo version: 2.7.3, current host: 172.27.121.163
[${project.name}][${env:SERVER_PORT}] 2022-04-10 15:07:28,844 INFO
            [main][AbstractRegistry.java:305] -  [DUBBO] Subscribe: consumer://172.27.121.163/com.shanjupay.merchant.api.AppService?application=merchant-application&category=providers,configurators,routers&check=false&dubbo=2.0.2&interface=com.shanjupay.merchant.api.AppService&lazy=false&methods=queryAppByMerchant,createApp,getAppById&pid=8172&qos.enable=false&qos.port=22310&release=2.7.3&retries=-1&side=consumer&sticky=false&timeout=3000&timestamp=1649574448714, dubbo version: 2.7.3, current host: 172.27.121.163
[${project.name}][${env:SERVER_PORT}] 2022-04-10 15:07:28,846 INFO
            [main][AbstractSpringCloudRegistry.java:213] - The Dubbo Service URL[ID : consumer://172.27.121.163/com.shanjupay.merchant.api.AppService] is being subscribed for service[name : transaction-service]
[${project.name}][${env:SERVER_PORT}] 2022-04-10 15:07:28,846 INFO
            [main][AbstractSpringCloudRegistry.java:223] - The metadata of Dubbo service[key : com.shanjupay.merchant.api.AppService] can't be found when the subscribed service[name : transaction-service], and then try to initialize it
[${project.name}][${env:SERVER_PORT}] 2022-04-10 15:07:28,846 INFO
            [main][DubboServiceMetadataRepository.java:280] - The metadata of Dubbo service[name : transaction-service] is about to be initialized
[${project.name}][${env:SERVER_PORT}] 2022-04-10 15:07:28,972 WARN
            [main][AbstractInterfaceConfig.java:265] -  [DUBBO] There's no valid metadata config found, if you are using the simplified mode of registry url, please make sure you have a metadata address configured properly., dubbo version: 2.7.3, current host: 172.27.121.163
[${project.name}][${env:SERVER_PORT}] 2022-04-10 15:07:28,977 INFO
            [main][AbstractInterfaceConfig.java:237] -  [DUBBO] There's no valid monitor config found, if you want to open monitor statistics for Dubbo, please make sure your monitor is configured properly., dubbo version: 2.7.3, current host: 172.27.121.163
[${project.name}][${env:SERVER_PORT}] 2022-04-10 15:07:28,978 INFO
            [main][AbstractInterfaceConfig.java:237] -  [DUBBO] There's no valid monitor config found, if you want to open monitor statistics for Dubbo, please make sure your monitor is configured properly., dubbo version: 2.7.3, current host: 172.27.121.163
[${project.name}][${env:SERVER_PORT}] 2022-04-10 15:07:28,980 INFO
            [main][AbstractRegistry.java:280] -  [DUBBO] Register: consumer://172.27.121.163/org.apache.dubbo.rpc.service.GenericService?application=merchant-application&category=consumers&check=false&dubbo=2.0.2&generic=true&group=transaction-service&interface=com.alibaba.cloud.dubbo.service.DubboMetadataService&lazy=false&pid=8172&qos.enable=false&qos.port=22310&release=2.7.3&retries=-1&side=consumer&sticky=false&timeout=3000&timestamp=1649574448973&version=1.0.0, dubbo version: 2.7.3, current host: 172.27.121.163
[${project.name}][${env:SERVER_PORT}] 2022-04-10 15:07:28,980 INFO
            [main][AbstractRegistry.java:305] -  [DUBBO] Subscribe: consumer://172.27.121.163/org.apache.dubbo.rpc.service.GenericService?application=merchant-application&category=providers,configurators,routers&check=false&dubbo=2.0.2&generic=true&group=transaction-service&interface=com.alibaba.cloud.dubbo.service.DubboMetadataService&lazy=false&pid=8172&qos.enable=false&qos.port=22310&release=2.7.3&retries=-1&side=consumer&sticky=false&timeout=3000&timestamp=1649574448973&version=1.0.0, dubbo version: 2.7.3, current host: 172.27.121.163
[${project.name}][${env:SERVER_PORT}] 2022-04-10 15:07:29,998 INFO
            [main][AbstractClient.java:199] -  [DUBBO] Succeed connect to server /172.27.121.163:20893 from NettyClient 172.27.121.163 using dubbo version 2.7.3, channel is NettyChannel [channel=[id: 0x00400a46, L:/172.27.121.163:50026 - R:/172.27.121.163:20893]], dubbo version: 2.7.3, current host: 172.27.121.163
[${project.name}][${env:SERVER_PORT}] 2022-04-10 15:07:29,999 INFO
            [main][AbstractClient.java:71] -  [DUBBO] Start NettyClient DESKTOP-HD08VRP/172.27.121.163 connect to the server /172.27.121.163:20893, dubbo version: 2.7.3, current host: 172.27.121.163
[${project.name}][${env:SERVER_PORT}] 2022-04-10 15:07:30,086 INFO
            [main][AbstractRegistry.java:212] -  [DUBBO] Load registry cache file C:\Users\tdl\.dubbo\dubbo-registry-merchant-application-127.0.0.1:8848.cache, data: {com.shanjupay.transaction.api.PayChannelService=dubbo://172.27.121.163:20893/com.shanjupay.transaction.api.PayChannelService?anyhost=true&application=transaction-service&bean.name=ServiceBean:com.shanjupay.transaction.api.PayChannelService&category=providers&deprecated=false&dubbo=2.0.2&dynamic=true&generic=false&interface=com.shanjupay.transaction.api.PayChannelService&methods=queryPayChannelParamByAppAndPlatform,queryParamByAppPlatformAndPayChannel,queryPlatformChannel,bindPlatformChannelForApp,queryPayChannelByPlatformChannel,queryAppBindPlatformChannel,savePayChannelParam&path=com.shanjupay.transaction.api.PayChannelService&pid=8272&protocol=dubbo&register=true&release=2.7.3&side=provider&timestamp=1649571360471, transaction-service/com.alibaba.cloud.dubbo.service.DubboMetadataService:1.0.0=dubbo://172.27.121.163:20893/com.alibaba.cloud.dubbo.service.DubboMetadataService?anyhost=true&application=transaction-service&category=providers&deprecated=false&dubbo=2.0.2&dynamic=true&generic=false&group=transaction-service&interface=com.alibaba.cloud.dubbo.service.DubboMetadataService&methods=getAllServiceKeys,getServiceRestMetadata,getExportedURLs,getAllExportedURLs&path=com.alibaba.cloud.dubbo.service.DubboMetadataService&pid=8272&protocol=dubbo&register=true&release=2.7.3&revision=2.1.0.RELEASE&side=provider&timestamp=1649571361070&version=1.0.0, com.shanjupay.merchant.api.MerchantService=dubbo://172.27.240.120:20890/com.shanjupay.merchant.api.MerchantService?anyhost=true&application=merchant-service&bean.name=ServiceBean:com.shanjupay.merchant.api.MerchantService&category=providers&deprecated=false&dubbo=2.0.2&dynamic=true&generic=false&interface=com.shanjupay.merchant.api.MerchantService&methods=queryMerchantById,applyMerchant,createMerchant&path=com.shanjupay.merchant.api.MerchantService&pid=11156&protocol=dubbo&register=true&release=2.7.3&side=provider&timestamp=1649332959311, com.shanjupay.merchant.api.AppService=dubbo://172.27.240.120:20890/com.shanjupay.merchant.api.AppService?anyhost=true&application=merchant-service&bean.name=ServiceBean:com.shanjupay.merchant.api.AppService&category=providers&deprecated=false&dubbo=2.0.2&dynamic=true&generic=false&interface=com.shanjupay.merchant.api.AppService&methods=queryAppByMerchant,createApp,getAppById&path=com.shanjupay.merchant.api.AppService&pid=11156&protocol=dubbo&register=true&release=2.7.3&side=provider&timestamp=1649332958699, merchant-service/com.alibaba.cloud.dubbo.service.DubboMetadataService:1.0.0=dubbo://172.27.240.120:20890/com.alibaba.cloud.dubbo.service.DubboMetadataService?anyhost=true&application=merchant-service&category=providers&deprecated=false&dubbo=2.0.2&dynamic=true&generic=false&group=merchant-service&interface=com.alibaba.cloud.dubbo.service.DubboMetadataService&methods=getAllServiceKeys,getServiceRestMetadata,getExportedURLs,getAllExportedURLs&path=com.alibaba.cloud.dubbo.service.DubboMetadataService&pid=11156&protocol=dubbo&register=true&release=2.7.3&revision=2.1.0.RELEASE&side=provider&timestamp=1649332959845&version=1.0.0}, dubbo version: 2.7.3, current host: 172.27.121.163
[${project.name}][${env:SERVER_PORT}] 2022-04-10 15:07:30,087 INFO
            [main][AbstractRegistry.java:280] -  [DUBBO] Register: consumer://172.27.121.163/org.apache.dubbo.rpc.service.GenericService?application=merchant-application&category=consumers&check=false&dubbo=2.0.2&generic=true&group=transaction-service&interface=com.alibaba.cloud.dubbo.service.DubboMetadataService&lazy=false&pid=8172&qos.enable=false&qos.port=22310&release=2.7.3&retries=-1&side=consumer&sticky=false&timeout=3000&timestamp=1649574448973&version=1.0.0, dubbo version: 2.7.3, current host: 172.27.121.163
[${project.name}][${env:SERVER_PORT}] 2022-04-10 15:07:30,103 INFO
            [main][AbstractRegistry.java:305] -  [DUBBO] Subscribe: consumer://172.27.121.163/org.apache.dubbo.rpc.service.GenericService?application=merchant-application&category=providers,configurators,routers&check=false&dubbo=2.0.2&generic=true&group=transaction-service&interface=com.alibaba.cloud.dubbo.service.DubboMetadataService&lazy=false&pid=8172&qos.enable=false&qos.port=22310&release=2.7.3&retries=-1&side=consumer&sticky=false&timeout=3000&timestamp=1649574448973&version=1.0.0, dubbo version: 2.7.3, current host: 172.27.121.163
[${project.name}][${env:SERVER_PORT}] 2022-04-10 15:07:30,113 INFO
            [main][AbstractRegistry.java:399] -  [DUBBO] Notify urls for subscribe url consumer://172.27.121.163/org.apache.dubbo.rpc.service.GenericService?application=merchant-application&category=providers,configurators,routers&check=false&dubbo=2.0.2&generic=true&group=transaction-service&interface=com.alibaba.cloud.dubbo.service.DubboMetadataService&lazy=false&pid=8172&qos.enable=false&qos.port=22310&release=2.7.3&retries=-1&side=consumer&sticky=false&timeout=3000&timestamp=1649574448973&version=1.0.0, urls: [dubbo://172.27.121.163:20893/com.alibaba.cloud.dubbo.service.DubboMetadataService?anyhost=true&application=transaction-service&category=providers&deprecated=false&dubbo=2.0.2&dynamic=true&generic=false&group=transaction-service&interface=com.alibaba.cloud.dubbo.service.DubboMetadataService&methods=getAllServiceKeys,getServiceRestMetadata,getExportedURLs,getAllExportedURLs&path=com.alibaba.cloud.dubbo.service.DubboMetadataService&pid=8272&protocol=dubbo&register=true&release=2.7.3&revision=2.1.0.RELEASE&side=provider&timestamp=1649571361070&version=1.0.0], dubbo version: 2.7.3, current host: 172.27.121.163
[${project.name}][${env:SERVER_PORT}] 2022-04-10 15:07:30,119 INFO
            [com.alibaba.nacos.naming.client.listener][AbstractRegistry.java:399] -  [DUBBO] Notify urls for subscribe url consumer://172.27.121.163/org.apache.dubbo.rpc.service.GenericService?application=merchant-application&category=providers,configurators,routers&check=false&dubbo=2.0.2&generic=true&group=transaction-service&interface=com.alibaba.cloud.dubbo.service.DubboMetadataService&lazy=false&pid=8172&qos.enable=false&qos.port=22310&release=2.7.3&retries=-1&side=consumer&sticky=false&timeout=3000&timestamp=1649574448973&version=1.0.0, urls: [dubbo://172.27.121.163:20893/com.alibaba.cloud.dubbo.service.DubboMetadataService?anyhost=true&application=transaction-service&category=providers&deprecated=false&dubbo=2.0.2&dynamic=true&generic=false&group=transaction-service&interface=com.alibaba.cloud.dubbo.service.DubboMetadataService&methods=getAllServiceKeys,getServiceRestMetadata,getExportedURLs,getAllExportedURLs&path=com.alibaba.cloud.dubbo.service.DubboMetadataService&pid=8272&protocol=dubbo&register=true&release=2.7.3&revision=2.1.0.RELEASE&side=provider&timestamp=1649571361070&version=1.0.0], dubbo version: 2.7.3, current host: 172.27.121.163
[${project.name}][${env:SERVER_PORT}] 2022-04-10 15:07:30,122 INFO
            [main][ReferenceConfig.java:421] -  [DUBBO] Refer dubbo service org.apache.dubbo.rpc.service.GenericService from url registry://127.0.0.1:8848/org.apache.dubbo.registry.RegistryService?application=merchant-application&check=false&cluster=registryaware&dubbo=2.0.2&generic=true&group=transaction-service&interface=com.alibaba.cloud.dubbo.service.DubboMetadataService&lazy=false&pid=8172&qos.enable=false&qos.port=22310&refer=application%3Dmerchant-application%26check%3Dfalse%26dubbo%3D2.0.2%26generic%3Dtrue%26group%3Dtransaction-service%26interface%3Dcom.alibaba.cloud.dubbo.service.DubboMetadataService%26lazy%3Dfalse%26pid%3D8172%26qos.enable%3Dfalse%26qos.port%3D22310%26register.ip%3D172.27.121.163%26release%3D2.7.3%26retries%3D-1%26side%3Dconsumer%26sticky%3Dfalse%26timeout%3D3000%26timestamp%3D1649574448973%26version%3D1.0.0&register.ip=172.27.121.163&registry=nacos&release=2.7.3&retries=-1&side=consumer&sticky=false&timeout=3000&timestamp=1649574448973&version=1.0.0, dubbo version: 2.7.3, current host: 172.27.121.163
[${project.name}][${env:SERVER_PORT}] 2022-04-10 15:07:30,303 WARN
            [main][DubboServiceMetadataRepository.java:484] - The Spring application[name : transaction-service] does not expose The REST metadata in the Dubbo services.
[${project.name}][${env:SERVER_PORT}] 2022-04-10 15:07:30,321 INFO
            [main][AbstractRegistry.java:280] -  [DUBBO] Register: consumer://172.27.121.163/com.shanjupay.merchant.api.AppService?application=merchant-application&category=consumers&check=false&dubbo=2.0.2&interface=com.shanjupay.merchant.api.AppService&lazy=false&methods=queryAppByMerchant,createApp,getAppById&pid=8172&qos.enable=false&qos.port=22310&release=2.7.3&retries=-1&side=consumer&sticky=false&timeout=3000&timestamp=1649574448714, dubbo version: 2.7.3, current host: 172.27.121.163
[${project.name}][${env:SERVER_PORT}] 2022-04-10 15:07:30,325 INFO
            [main][AbstractRegistry.java:305] -  [DUBBO] Subscribe: consumer://172.27.121.163/com.shanjupay.merchant.api.AppService?application=merchant-application&category=providers,configurators,routers&check=false&dubbo=2.0.2&interface=com.shanjupay.merchant.api.AppService&lazy=false&methods=queryAppByMerchant,createApp,getAppById&pid=8172&qos.enable=false&qos.port=22310&release=2.7.3&retries=-1&side=consumer&sticky=false&timeout=3000&timestamp=1649574448714, dubbo version: 2.7.3, current host: 172.27.121.163
[${project.name}][${env:SERVER_PORT}] 2022-04-10 15:07:30,329 WARN
            [main][AbstractRegistry.java:395] -  [DUBBO] Ignore empty notify urls for subscribe url consumer://172.27.121.163/com.shanjupay.merchant.api.AppService?application=merchant-application&category=providers,configurators,routers&check=false&dubbo=2.0.2&interface=com.shanjupay.merchant.api.AppService&lazy=false&methods=queryAppByMerchant,createApp,getAppById&pid=8172&qos.enable=false&qos.port=22310&release=2.7.3&retries=-1&side=consumer&sticky=false&timeout=3000&timestamp=1649574448714, dubbo version: 2.7.3, current host: 172.27.121.163
[${project.name}][${env:SERVER_PORT}] 2022-04-10 15:07:30,330 WARN
            [com.alibaba.nacos.naming.client.listener][AbstractRegistry.java:395] -  [DUBBO] Ignore empty notify urls for subscribe url consumer://172.27.121.163/com.shanjupay.merchant.api.AppService?application=merchant-application&category=providers,configurators,routers&check=false&dubbo=2.0.2&interface=com.shanjupay.merchant.api.AppService&lazy=false&methods=queryAppByMerchant,createApp,getAppById&pid=8172&qos.enable=false&qos.port=22310&release=2.7.3&retries=-1&side=consumer&sticky=false&timeout=3000&timestamp=1649574448714, dubbo version: 2.7.3, current host: 172.27.121.163
[${project.name}][${env:SERVER_PORT}] 2022-04-10 15:07:30,330 INFO
            [main][ReferenceConfig.java:421] -  [DUBBO] Refer dubbo service com.shanjupay.merchant.api.AppService from url registry://127.0.0.1:8848/org.apache.dubbo.registry.RegistryService?application=merchant-application&check=false&cluster=registryaware&dubbo=2.0.2&interface=com.shanjupay.merchant.api.AppService&lazy=false&methods=queryAppByMerchant,createApp,getAppById&pid=8172&qos.enable=false&qos.port=22310&refer=application%3Dmerchant-application%26check%3Dfalse%26dubbo%3D2.0.2%26interface%3Dcom.shanjupay.merchant.api.AppService%26lazy%3Dfalse%26methods%3DqueryAppByMerchant%2CcreateApp%2CgetAppById%26pid%3D8172%26qos.enable%3Dfalse%26qos.port%3D22310%26register.ip%3D172.27.121.163%26release%3D2.7.3%26retries%3D-1%26side%3Dconsumer%26sticky%3Dfalse%26timeout%3D3000%26timestamp%3D1649574448714&register.ip=172.27.121.163&registry=nacos&release=2.7.3&retries=-1&side=consumer&sticky=false&timeout=3000&timestamp=1649574448714, dubbo version: 2.7.3, current host: 172.27.121.163
[${project.name}][${env:SERVER_PORT}] 2022-04-10 15:07:30,364 INFO
            [main][AnnotatedInterfaceConfigBeanBuilder.java:84] - The configBean[type:ReferenceBean] has been built.
[${project.name}][${env:SERVER_PORT}] 2022-04-10 15:07:30,370 WARN
            [main][AbstractInterfaceConfig.java:265] -  [DUBBO] There's no valid metadata config found, if you are using the simplified mode of registry url, please make sure you have a metadata address configured properly., dubbo version: 2.7.3, current host: 172.27.121.163
[${project.name}][${env:SERVER_PORT}] 2022-04-10 15:07:30,380 INFO
            [main][AbstractInterfaceConfig.java:237] -  [DUBBO] There's no valid monitor config found, if you want to open monitor statistics for Dubbo, please make sure your monitor is configured properly., dubbo version: 2.7.3, current host: 172.27.121.163
[${project.name}][${env:SERVER_PORT}] 2022-04-10 15:07:30,382 INFO
            [main][AbstractInterfaceConfig.java:237] -  [DUBBO] There's no valid monitor config found, if you want to open monitor statistics for Dubbo, please make sure your monitor is configured properly., dubbo version: 2.7.3, current host: 172.27.121.163
[${project.name}][${env:SERVER_PORT}] 2022-04-10 15:07:30,388 INFO
            [main][AbstractRegistry.java:280] -  [DUBBO] Register: consumer://172.27.121.163/com.shanjupay.merchant.api.MerchantService?application=merchant-application&category=consumers&check=false&dubbo=2.0.2&interface=com.shanjupay.merchant.api.MerchantService&lazy=false&methods=queryMerchantById,applyMerchant,createMerchant&pid=8172&qos.enable=false&qos.port=22310&release=2.7.3&retries=-1&side=consumer&sticky=false&timeout=3000&timestamp=1649574450370, dubbo version: 2.7.3, current host: 172.27.121.163
[${project.name}][${env:SERVER_PORT}] 2022-04-10 15:07:30,389 INFO
            [main][AbstractRegistry.java:305] -  [DUBBO] Subscribe: consumer://172.27.121.163/com.shanjupay.merchant.api.MerchantService?application=merchant-application&category=providers,configurators,routers&check=false&dubbo=2.0.2&interface=com.shanjupay.merchant.api.MerchantService&lazy=false&methods=queryMerchantById,applyMerchant,createMerchant&pid=8172&qos.enable=false&qos.port=22310&release=2.7.3&retries=-1&side=consumer&sticky=false&timeout=3000&timestamp=1649574450370, dubbo version: 2.7.3, current host: 172.27.121.163
[${project.name}][${env:SERVER_PORT}] 2022-04-10 15:07:30,389 INFO
            [main][AbstractSpringCloudRegistry.java:213] - The Dubbo Service URL[ID : consumer://172.27.121.163/com.shanjupay.merchant.api.MerchantService] is being subscribed for service[name : transaction-service]
[${project.name}][${env:SERVER_PORT}] 2022-04-10 15:07:30,395 INFO
            [main][AbstractRegistry.java:280] -  [DUBBO] Register: consumer://172.27.121.163/com.shanjupay.merchant.api.MerchantService?application=merchant-application&category=consumers&check=false&dubbo=2.0.2&interface=com.shanjupay.merchant.api.MerchantService&lazy=false&methods=queryMerchantById,applyMerchant,createMerchant&pid=8172&qos.enable=false&qos.port=22310&release=2.7.3&retries=-1&side=consumer&sticky=false&timeout=3000&timestamp=1649574450370, dubbo version: 2.7.3, current host: 172.27.121.163
[${project.name}][${env:SERVER_PORT}] 2022-04-10 15:07:30,399 INFO
            [main][AbstractRegistry.java:305] -  [DUBBO] Subscribe: consumer://172.27.121.163/com.shanjupay.merchant.api.MerchantService?application=merchant-application&category=providers,configurators,routers&check=false&dubbo=2.0.2&interface=com.shanjupay.merchant.api.MerchantService&lazy=false&methods=queryMerchantById,applyMerchant,createMerchant&pid=8172&qos.enable=false&qos.port=22310&release=2.7.3&retries=-1&side=consumer&sticky=false&timeout=3000&timestamp=1649574450370, dubbo version: 2.7.3, current host: 172.27.121.163
[${project.name}][${env:SERVER_PORT}] 2022-04-10 15:07:30,401 WARN
            [main][AbstractRegistry.java:395] -  [DUBBO] Ignore empty notify urls for subscribe url consumer://172.27.121.163/com.shanjupay.merchant.api.MerchantService?application=merchant-application&category=providers,configurators,routers&check=false&dubbo=2.0.2&interface=com.shanjupay.merchant.api.MerchantService&lazy=false&methods=queryMerchantById,applyMerchant,createMerchant&pid=8172&qos.enable=false&qos.port=22310&release=2.7.3&retries=-1&side=consumer&sticky=false&timeout=3000&timestamp=1649574450370, dubbo version: 2.7.3, current host: 172.27.121.163
[${project.name}][${env:SERVER_PORT}] 2022-04-10 15:07:30,402 WARN
            [com.alibaba.nacos.naming.client.listener][AbstractRegistry.java:395] -  [DUBBO] Ignore empty notify urls for subscribe url consumer://172.27.121.163/com.shanjupay.merchant.api.MerchantService?application=merchant-application&category=providers,configurators,routers&check=false&dubbo=2.0.2&interface=com.shanjupay.merchant.api.MerchantService&lazy=false&methods=queryMerchantById,applyMerchant,createMerchant&pid=8172&qos.enable=false&qos.port=22310&release=2.7.3&retries=-1&side=consumer&sticky=false&timeout=3000&timestamp=1649574450370, dubbo version: 2.7.3, current host: 172.27.121.163
[${project.name}][${env:SERVER_PORT}] 2022-04-10 15:07:30,402 INFO
            [main][ReferenceConfig.java:421] -  [DUBBO] Refer dubbo service com.shanjupay.merchant.api.MerchantService from url registry://127.0.0.1:8848/org.apache.dubbo.registry.RegistryService?application=merchant-application&check=false&cluster=registryaware&dubbo=2.0.2&interface=com.shanjupay.merchant.api.MerchantService&lazy=false&methods=queryMerchantById,applyMerchant,createMerchant&pid=8172&qos.enable=false&qos.port=22310&refer=application%3Dmerchant-application%26check%3Dfalse%26dubbo%3D2.0.2%26interface%3Dcom.shanjupay.merchant.api.MerchantService%26lazy%3Dfalse%26methods%3DqueryMerchantById%2CapplyMerchant%2CcreateMerchant%26pid%3D8172%26qos.enable%3Dfalse%26qos.port%3D22310%26register.ip%3D172.27.121.163%26release%3D2.7.3%26retries%3D-1%26side%3Dconsumer%26sticky%3Dfalse%26timeout%3D3000%26timestamp%3D1649574450370&register.ip=172.27.121.163&registry=nacos&release=2.7.3&retries=-1&side=consumer&sticky=false&timeout=3000&timestamp=1649574450370, dubbo version: 2.7.3, current host: 172.27.121.163
[${project.name}][${env:SERVER_PORT}] 2022-04-10 15:07:31,061 INFO
            [main][AnnotatedInterfaceConfigBeanBuilder.java:84] - The configBean[type:ReferenceBean] has been built.
[${project.name}][${env:SERVER_PORT}] 2022-04-10 15:07:31,080 WARN
            [main][AbstractInterfaceConfig.java:265] -  [DUBBO] There's no valid metadata config found, if you are using the simplified mode of registry url, please make sure you have a metadata address configured properly., dubbo version: 2.7.3, current host: 172.27.121.163
[${project.name}][${env:SERVER_PORT}] 2022-04-10 15:07:31,091 INFO
            [main][AbstractInterfaceConfig.java:237] -  [DUBBO] There's no valid monitor config found, if you want to open monitor statistics for Dubbo, please make sure your monitor is configured properly., dubbo version: 2.7.3, current host: 172.27.121.163
[${project.name}][${env:SERVER_PORT}] 2022-04-10 15:07:31,091 INFO
            [main][AbstractInterfaceConfig.java:237] -  [DUBBO] There's no valid monitor config found, if you want to open monitor statistics for Dubbo, please make sure your monitor is configured properly., dubbo version: 2.7.3, current host: 172.27.121.163
[${project.name}][${env:SERVER_PORT}] 2022-04-10 15:07:31,097 INFO
            [main][AbstractRegistry.java:280] -  [DUBBO] Register: consumer://172.27.121.163/com.shanjupay.transaction.api.PayChannelService?application=merchant-application&category=consumers&check=false&dubbo=2.0.2&interface=com.shanjupay.transaction.api.PayChannelService&lazy=false&methods=queryPayChannelParamByAppAndPlatform,queryParamByAppPlatformAndPayChannel,queryPlatformChannel,bindPlatformChannelForApp,queryAppBindPlatformChannel,queryPayChannelByPlatformChannel,savePayChannelParam&pid=8172&qos.enable=false&qos.port=22310&release=2.7.3&retries=-1&side=consumer&sticky=false&timeout=3000&timestamp=1649574451081, dubbo version: 2.7.3, current host: 172.27.121.163
[${project.name}][${env:SERVER_PORT}] 2022-04-10 15:07:31,098 INFO
            [main][AbstractRegistry.java:305] -  [DUBBO] Subscribe: consumer://172.27.121.163/com.shanjupay.transaction.api.PayChannelService?application=merchant-application&category=providers,configurators,routers&check=false&dubbo=2.0.2&interface=com.shanjupay.transaction.api.PayChannelService&lazy=false&methods=queryPayChannelParamByAppAndPlatform,queryParamByAppPlatformAndPayChannel,queryPlatformChannel,bindPlatformChannelForApp,queryAppBindPlatformChannel,queryPayChannelByPlatformChannel,savePayChannelParam&pid=8172&qos.enable=false&qos.port=22310&release=2.7.3&retries=-1&side=consumer&sticky=false&timeout=3000&timestamp=1649574451081, dubbo version: 2.7.3, current host: 172.27.121.163
[${project.name}][${env:SERVER_PORT}] 2022-04-10 15:07:31,098 INFO
            [main][AbstractSpringCloudRegistry.java:213] - The Dubbo Service URL[ID : consumer://172.27.121.163/com.shanjupay.transaction.api.PayChannelService] is being subscribed for service[name : transaction-service]
[${project.name}][${env:SERVER_PORT}] 2022-04-10 15:07:31,106 INFO
            [main][AbstractClient.java:199] -  [DUBBO] Succeed connect to server /192.168.10.1:20893 from NettyClient 172.27.121.163 using dubbo version 2.7.3, channel is NettyChannel [channel=[id: 0x59a6301d, L:/192.168.10.1:50040 - R:/192.168.10.1:20893]], dubbo version: 2.7.3, current host: 172.27.121.163
[${project.name}][${env:SERVER_PORT}] 2022-04-10 15:07:31,107 INFO
            [main][AbstractClient.java:71] -  [DUBBO] Start NettyClient DESKTOP-HD08VRP/172.27.121.163 connect to the server /192.168.10.1:20893, dubbo version: 2.7.3, current host: 172.27.121.163
[${project.name}][${env:SERVER_PORT}] 2022-04-10 15:07:31,108 INFO
            [main][AbstractRegistry.java:280] -  [DUBBO] Register: consumer://172.27.121.163/com.shanjupay.transaction.api.PayChannelService?application=merchant-application&category=consumers&check=false&dubbo=2.0.2&interface=com.shanjupay.transaction.api.PayChannelService&lazy=false&methods=queryPayChannelParamByAppAndPlatform,queryParamByAppPlatformAndPayChannel,queryPlatformChannel,bindPlatformChannelForApp,queryAppBindPlatformChannel,queryPayChannelByPlatformChannel,savePayChannelParam&pid=8172&qos.enable=false&qos.port=22310&release=2.7.3&retries=-1&side=consumer&sticky=false&timeout=3000&timestamp=1649574451081, dubbo version: 2.7.3, current host: 172.27.121.163
[${project.name}][${env:SERVER_PORT}] 2022-04-10 15:07:31,111 INFO
            [main][AbstractRegistry.java:305] -  [DUBBO] Subscribe: consumer://172.27.121.163/com.shanjupay.transaction.api.PayChannelService?application=merchant-application&category=providers,configurators,routers&check=false&dubbo=2.0.2&interface=com.shanjupay.transaction.api.PayChannelService&lazy=false&methods=queryPayChannelParamByAppAndPlatform,queryParamByAppPlatformAndPayChannel,queryPlatformChannel,bindPlatformChannelForApp,queryAppBindPlatformChannel,queryPayChannelByPlatformChannel,savePayChannelParam&pid=8172&qos.enable=false&qos.port=22310&release=2.7.3&retries=-1&side=consumer&sticky=false&timeout=3000&timestamp=1649574451081, dubbo version: 2.7.3, current host: 172.27.121.163
[${project.name}][${env:SERVER_PORT}] 2022-04-10 15:07:31,117 INFO
            [main][AbstractRegistry.java:399] -  [DUBBO] Notify urls for subscribe url consumer://172.27.121.163/com.shanjupay.transaction.api.PayChannelService?application=merchant-application&category=providers,configurators,routers&check=false&dubbo=2.0.2&interface=com.shanjupay.transaction.api.PayChannelService&lazy=false&methods=queryPayChannelParamByAppAndPlatform,queryParamByAppPlatformAndPayChannel,queryPlatformChannel,bindPlatformChannelForApp,queryAppBindPlatformChannel,queryPayChannelByPlatformChannel,savePayChannelParam&pid=8172&qos.enable=false&qos.port=22310&release=2.7.3&retries=-1&side=consumer&sticky=false&timeout=3000&timestamp=1649574451081, urls: [dubbo://172.27.121.163:20893/com.shanjupay.transaction.api.PayChannelService?anyhost=true&application=transaction-service&bean.name=ServiceBean:com.shanjupay.transaction.api.PayChannelService&category=providers&deprecated=false&dubbo=2.0.2&dynamic=true&generic=false&interface=com.shanjupay.transaction.api.PayChannelService&methods=queryPayChannelParamByAppAndPlatform,queryParamByAppPlatformAndPayChannel,queryPlatformChannel,bindPlatformChannelForApp,queryPayChannelByPlatformChannel,queryAppBindPlatformChannel,savePayChannelParam&path=com.shanjupay.transaction.api.PayChannelService&pid=8272&protocol=dubbo&register=true&release=2.7.3&side=provider&timestamp=1649571360471], dubbo version: 2.7.3, current host: 172.27.121.163
[${project.name}][${env:SERVER_PORT}] 2022-04-10 15:07:31,119 INFO
            [com.alibaba.nacos.naming.client.listener][AbstractRegistry.java:399] -  [DUBBO] Notify urls for subscribe url consumer://172.27.121.163/com.shanjupay.transaction.api.PayChannelService?application=merchant-application&category=providers,configurators,routers&check=false&dubbo=2.0.2&interface=com.shanjupay.transaction.api.PayChannelService&lazy=false&methods=queryPayChannelParamByAppAndPlatform,queryParamByAppPlatformAndPayChannel,queryPlatformChannel,bindPlatformChannelForApp,queryAppBindPlatformChannel,queryPayChannelByPlatformChannel,savePayChannelParam&pid=8172&qos.enable=false&qos.port=22310&release=2.7.3&retries=-1&side=consumer&sticky=false&timeout=3000&timestamp=1649574451081, urls: [dubbo://172.27.121.163:20893/com.shanjupay.transaction.api.PayChannelService?anyhost=true&application=transaction-service&bean.name=ServiceBean:com.shanjupay.transaction.api.PayChannelService&category=providers&deprecated=false&dubbo=2.0.2&dynamic=true&generic=false&interface=com.shanjupay.transaction.api.PayChannelService&methods=queryPayChannelParamByAppAndPlatform,queryParamByAppPlatformAndPayChannel,queryPlatformChannel,bindPlatformChannelForApp,queryPayChannelByPlatformChannel,queryAppBindPlatformChannel,savePayChannelParam&path=com.shanjupay.transaction.api.PayChannelService&pid=8272&protocol=dubbo&register=true&release=2.7.3&side=provider&timestamp=1649571360471], dubbo version: 2.7.3, current host: 172.27.121.163
[${project.name}][${env:SERVER_PORT}] 2022-04-10 15:07:31,119 INFO
            [main][ReferenceConfig.java:421] -  [DUBBO] Refer dubbo service com.shanjupay.transaction.api.PayChannelService from url registry://127.0.0.1:8848/org.apache.dubbo.registry.RegistryService?application=merchant-application&check=false&cluster=registryaware&dubbo=2.0.2&interface=com.shanjupay.transaction.api.PayChannelService&lazy=false&methods=queryPayChannelParamByAppAndPlatform,queryParamByAppPlatformAndPayChannel,queryPlatformChannel,bindPlatformChannelForApp,queryAppBindPlatformChannel,queryPayChannelByPlatformChannel,savePayChannelParam&pid=8172&qos.enable=false&qos.port=22310&refer=application%3Dmerchant-application%26check%3Dfalse%26dubbo%3D2.0.2%26interface%3Dcom.shanjupay.transaction.api.PayChannelService%26lazy%3Dfalse%26methods%3DqueryPayChannelParamByAppAndPlatform%2CqueryParamByAppPlatformAndPayChannel%2CqueryPlatformChannel%2CbindPlatformChannelForApp%2CqueryAppBindPlatformChannel%2CqueryPayChannelByPlatformChannel%2CsavePayChannelParam%26pid%3D8172%26qos.enable%3Dfalse%26qos.port%3D22310%26register.ip%3D172.27.121.163%26release%3D2.7.3%26retries%3D-1%26side%3Dconsumer%26sticky%3Dfalse%26timeout%3D3000%26timestamp%3D1649574451081&register.ip=172.27.121.163&registry=nacos&release=2.7.3&retries=-1&side=consumer&sticky=false&timeout=3000&timestamp=1649574451081, dubbo version: 2.7.3, current host: 172.27.121.163
[${project.name}][${env:SERVER_PORT}] 2022-04-10 15:07:33,238 INFO
            [main][EndpointLinksResolver.java:59] - Exposing 4 endpoint(s) beneath base path '/actuator'
[${project.name}][${env:SERVER_PORT}] 2022-04-10 15:07:33,661 INFO
            [main][PropertySourcedRequestMappingHandlerMapping.java:69] - Mapped URL path [/v2/api-docs] onto method [public org.springframework.http.ResponseEntity<springfox.documentation.spring.web.json.Json> springfox.documentation.swagger2.web.Swagger2Controller.getDocumentation(java.lang.String,javax.servlet.http.HttpServletRequest)]
[${project.name}][${env:SERVER_PORT}] 2022-04-10 15:07:33,952 WARN
            [main][URLConfigurationSource.java:121] - No URLs will be polled as dynamic configuration sources.
[${project.name}][${env:SERVER_PORT}] 2022-04-10 15:07:33,953 INFO
            [main][URLConfigurationSource.java:122] - To enable URLs as dynamic configuration sources, define System property archaius.configurationSource.additionalUrls or make config.properties available on classpath.
[${project.name}][${env:SERVER_PORT}] 2022-04-10 15:07:33,965 WARN
            [main][URLConfigurationSource.java:121] - No URLs will be polled as dynamic configuration sources.
[${project.name}][${env:SERVER_PORT}] 2022-04-10 15:07:33,965 INFO
            [main][URLConfigurationSource.java:122] - To enable URLs as dynamic configuration sources, define System property archaius.configurationSource.additionalUrls or make config.properties available on classpath.
[${project.name}][${env:SERVER_PORT}] 2022-04-10 15:07:34,154 INFO
            [main][ExecutorConfigurationSupport.java:171] - Initializing ExecutorService 'applicationTaskExecutor'
[${project.name}][${env:SERVER_PORT}] 2022-04-10 15:07:34,602 INFO
            [main][ExecutorConfigurationSupport.java:171] - Initializing ExecutorService
[${project.name}][${env:SERVER_PORT}] 2022-04-10 15:07:34,626 INFO
            [main][DubboConfigBindingBeanPostProcessor.java:109] - The properties of bean [name : org.apache.dubbo.config.ProtocolConfig#0] have been binding by prefix of configuration properties : dubbo.protocol
[${project.name}][${env:SERVER_PORT}] 2022-04-10 15:07:35,270 INFO
            [main][DubboServiceMetadataRepository.java:262] - The metadata of Dubbo services has been initialized
[${project.name}][${env:SERVER_PORT}] 2022-04-10 15:07:35,290 INFO
            [main][DocumentationPluginsBootstrapper.java:160] - Context refreshed
[${project.name}][${env:SERVER_PORT}] 2022-04-10 15:07:35,293 WARN
            [ThreadPoolTaskScheduler-1][DubboServiceMetadataRepository.java:216] - Current application will subscribe all services(size:2) in registry, a lot of memory and CPU cycles may be used, thus it's strongly recommend you using the externalized property 'dubbo.cloud.subscribed-services' to specify the services
[${project.name}][${env:SERVER_PORT}] 2022-04-10 15:07:35,296 INFO
            [com.alibaba.nacos.naming.client.listener][DubboServiceDiscoveryAutoConfiguration.java:157] - The event of the service instances[name : transaction-service , size : 1] change is about to be dispatched
[${project.name}][${env:SERVER_PORT}] 2022-04-10 15:07:35,298 INFO
            [com.alibaba.nacos.naming.client.listener][AbstractSpringCloudRegistry.java:213] - The Dubbo Service URL[ID : consumer://172.27.121.163/com.shanjupay.merchant.api.AppService] is being subscribed for service[name : transaction-service]
[${project.name}][${env:SERVER_PORT}] 2022-04-10 15:07:35,302 INFO
            [com.alibaba.nacos.naming.client.listener][AbstractSpringCloudRegistry.java:213] - The Dubbo Service URL[ID : consumer://172.27.121.163/com.shanjupay.merchant.api.MerchantService] is being subscribed for service[name : transaction-service]
[${project.name}][${env:SERVER_PORT}] 2022-04-10 15:07:35,305 INFO
            [com.alibaba.nacos.naming.client.listener][AbstractSpringCloudRegistry.java:213] - The Dubbo Service URL[ID : consumer://172.27.121.163/com.shanjupay.transaction.api.PayChannelService] is being subscribed for service[name : transaction-service]
[${project.name}][${env:SERVER_PORT}] 2022-04-10 15:07:35,323 INFO
            [main][DocumentationPluginsBootstrapper.java:163] - Found 1 custom documentation plugin(s)
[${project.name}][${env:SERVER_PORT}] 2022-04-10 15:07:35,375 INFO
            [main][ApiListingReferenceScanner.java:41] - Scanning for api listing references
[${project.name}][${env:SERVER_PORT}] 2022-04-10 15:07:36,219 INFO
            [main][CachingOperationNameGenerator.java:40] - Generating unique operation named: queryPayChannelParamUsingGET_1
[${project.name}][${env:SERVER_PORT}] 2022-04-10 15:07:36,288 INFO
            [main][StartupInfoLogger.java:59] - Started TokenTemp in 14.655 seconds (JVM running for 16.779)
[${project.name}][${env:SERVER_PORT}] 2022-04-10 15:07:36,347 WARN
            [main][AbstractInterfaceConfig.java:265] -  [DUBBO] There's no valid metadata config found, if you are using the simplified mode of registry url, please make sure you have a metadata address configured properly., dubbo version: 2.7.3, current host: 172.27.121.163
[${project.name}][${env:SERVER_PORT}] 2022-04-10 15:07:36,731 INFO
            [Thread-9][AwaitingNonWebApplicationListener.java:155] -  [Dubbo] Current Spring Boot Application is about to shutdown...
[${project.name}][${env:SERVER_PORT}] 2022-04-10 15:07:36,732 INFO
            [Thread-9][AbstractRegistryFactory.java:68] -  [DUBBO] Close all registries [nacos://127.0.0.1:8848/org.apache.dubbo.registry.RegistryService?application=merchant-application&dubbo=2.0.2&interface=org.apache.dubbo.registry.RegistryService&pid=8172&qos.enable=false&qos.port=22310&release=2.7.3&timestamp=1649574448977], dubbo version: 2.7.3, current host: 172.27.121.163
[${project.name}][${env:SERVER_PORT}] 2022-04-10 15:07:36,732 INFO
            [Thread-9][AbstractRegistry.java:458] -  [DUBBO] Destroy registry:nacos://127.0.0.1:8848/org.apache.dubbo.registry.RegistryService?application=merchant-application&dubbo=2.0.2&interface=org.apache.dubbo.registry.RegistryService&pid=8172&qos.enable=false&qos.port=22310&release=2.7.3&timestamp=1649574448977, dubbo version: 2.7.3, current host: 172.27.121.163
[${project.name}][${env:SERVER_PORT}] 2022-04-10 15:07:36,732 INFO
            [Thread-9][AbstractRegistry.java:291] -  [DUBBO] Unregister: consumer://172.27.121.163/com.shanjupay.merchant.api.AppService?application=merchant-application&category=consumers&check=false&dubbo=2.0.2&interface=com.shanjupay.merchant.api.AppService&lazy=false&methods=queryAppByMerchant,createApp,getAppById&pid=8172&qos.enable=false&qos.port=22310&release=2.7.3&retries=-1&side=consumer&sticky=false&timeout=3000&timestamp=1649574448714, dubbo version: 2.7.3, current host: 172.27.121.163
[${project.name}][${env:SERVER_PORT}] 2022-04-10 15:07:36,748 INFO
            [Thread-9][AbstractRegistry.java:467] -  [DUBBO] Destroy unregister url consumer://172.27.121.163/com.shanjupay.merchant.api.AppService?application=merchant-application&category=consumers&check=false&dubbo=2.0.2&interface=com.shanjupay.merchant.api.AppService&lazy=false&methods=queryAppByMerchant,createApp,getAppById&pid=8172&qos.enable=false&qos.port=22310&release=2.7.3&retries=-1&side=consumer&sticky=false&timeout=3000&timestamp=1649574448714, dubbo version: 2.7.3, current host: 172.27.121.163
[${project.name}][${env:SERVER_PORT}] 2022-04-10 15:07:36,748 INFO
            [Thread-9][AbstractRegistry.java:291] -  [DUBBO] Unregister: consumer://172.27.121.163/org.apache.dubbo.rpc.service.GenericService?application=merchant-application&category=consumers&check=false&dubbo=2.0.2&generic=true&group=transaction-service&interface=com.alibaba.cloud.dubbo.service.DubboMetadataService&lazy=false&pid=8172&qos.enable=false&qos.port=22310&release=2.7.3&retries=-1&side=consumer&sticky=false&timeout=3000&timestamp=1649574448973&version=1.0.0, dubbo version: 2.7.3, current host: 172.27.121.163
[${project.name}][${env:SERVER_PORT}] 2022-04-10 15:07:36,752 INFO
            [Thread-9][AbstractRegistry.java:467] -  [DUBBO] Destroy unregister url consumer://172.27.121.163/org.apache.dubbo.rpc.service.GenericService?application=merchant-application&category=consumers&check=false&dubbo=2.0.2&generic=true&group=transaction-service&interface=com.alibaba.cloud.dubbo.service.DubboMetadataService&lazy=false&pid=8172&qos.enable=false&qos.port=22310&release=2.7.3&retries=-1&side=consumer&sticky=false&timeout=3000&timestamp=1649574448973&version=1.0.0, dubbo version: 2.7.3, current host: 172.27.121.163
[${project.name}][${env:SERVER_PORT}] 2022-04-10 15:07:36,753 INFO
            [Thread-9][AbstractRegistry.java:291] -  [DUBBO] Unregister: consumer://172.27.121.163/com.shanjupay.merchant.api.MerchantService?application=merchant-application&category=consumers&check=false&dubbo=2.0.2&interface=com.shanjupay.merchant.api.MerchantService&lazy=false&methods=queryMerchantById,applyMerchant,createMerchant&pid=8172&qos.enable=false&qos.port=22310&release=2.7.3&retries=-1&side=consumer&sticky=false&timeout=3000&timestamp=1649574450370, dubbo version: 2.7.3, current host: 172.27.121.163
[${project.name}][${env:SERVER_PORT}] 2022-04-10 15:07:36,756 INFO
            [Thread-9][AbstractRegistry.java:467] -  [DUBBO] Destroy unregister url consumer://172.27.121.163/com.shanjupay.merchant.api.MerchantService?application=merchant-application&category=consumers&check=false&dubbo=2.0.2&interface=com.shanjupay.merchant.api.MerchantService&lazy=false&methods=queryMerchantById,applyMerchant,createMerchant&pid=8172&qos.enable=false&qos.port=22310&release=2.7.3&retries=-1&side=consumer&sticky=false&timeout=3000&timestamp=1649574450370, dubbo version: 2.7.3, current host: 172.27.121.163
[${project.name}][${env:SERVER_PORT}] 2022-04-10 15:07:36,757 INFO
            [Thread-9][AbstractRegistry.java:291] -  [DUBBO] Unregister: consumer://172.27.121.163/com.shanjupay.transaction.api.PayChannelService?application=merchant-application&category=consumers&check=false&dubbo=2.0.2&interface=com.shanjupay.transaction.api.PayChannelService&lazy=false&methods=queryPayChannelParamByAppAndPlatform,queryParamByAppPlatformAndPayChannel,queryPlatformChannel,bindPlatformChannelForApp,queryAppBindPlatformChannel,queryPayChannelByPlatformChannel,savePayChannelParam&pid=8172&qos.enable=false&qos.port=22310&release=2.7.3&retries=-1&side=consumer&sticky=false&timeout=3000&timestamp=1649574451081, dubbo version: 2.7.3, current host: 172.27.121.163
[${project.name}][${env:SERVER_PORT}] 2022-04-10 15:07:36,770 INFO
            [Thread-9][AbstractRegistry.java:467] -  [DUBBO] Destroy unregister url consumer://172.27.121.163/com.shanjupay.transaction.api.PayChannelService?application=merchant-application&category=consumers&check=false&dubbo=2.0.2&interface=com.shanjupay.transaction.api.PayChannelService&lazy=false&methods=queryPayChannelParamByAppAndPlatform,queryParamByAppPlatformAndPayChannel,queryPlatformChannel,bindPlatformChannelForApp,queryAppBindPlatformChannel,queryPayChannelByPlatformChannel,savePayChannelParam&pid=8172&qos.enable=false&qos.port=22310&release=2.7.3&retries=-1&side=consumer&sticky=false&timeout=3000&timestamp=1649574451081, dubbo version: 2.7.3, current host: 172.27.121.163
[${project.name}][${env:SERVER_PORT}] 2022-04-10 15:07:36,770 INFO
            [Thread-9][AbstractRegistry.java:320] -  [DUBBO] Unsubscribe: consumer://172.27.121.163/com.shanjupay.transaction.api.PayChannelService?application=merchant-application&category=providers,configurators,routers&check=false&dubbo=2.0.2&interface=com.shanjupay.transaction.api.PayChannelService&lazy=false&methods=queryPayChannelParamByAppAndPlatform,queryParamByAppPlatformAndPayChannel,queryPlatformChannel,bindPlatformChannelForApp,queryAppBindPlatformChannel,queryPayChannelByPlatformChannel,savePayChannelParam&pid=8172&qos.enable=false&qos.port=22310&release=2.7.3&retries=-1&side=consumer&sticky=false&timeout=3000&timestamp=1649574451081, dubbo version: 2.7.3, current host: 172.27.121.163
[${project.name}][${env:SERVER_PORT}] 2022-04-10 15:07:36,771 INFO
            [Thread-9][AbstractRegistry.java:483] -  [DUBBO] Destroy unsubscribe url consumer://172.27.121.163/com.shanjupay.transaction.api.PayChannelService?application=merchant-application&category=providers,configurators,routers&check=false&dubbo=2.0.2&interface=com.shanjupay.transaction.api.PayChannelService&lazy=false&methods=queryPayChannelParamByAppAndPlatform,queryParamByAppPlatformAndPayChannel,queryPlatformChannel,bindPlatformChannelForApp,queryAppBindPlatformChannel,queryPayChannelByPlatformChannel,savePayChannelParam&pid=8172&qos.enable=false&qos.port=22310&release=2.7.3&retries=-1&side=consumer&sticky=false&timeout=3000&timestamp=1649574451081, dubbo version: 2.7.3, current host: 172.27.121.163
[${project.name}][${env:SERVER_PORT}] 2022-04-10 15:07:36,771 INFO
            [Thread-9][AbstractRegistry.java:320] -  [DUBBO] Unsubscribe: consumer://172.27.121.163/com.shanjupay.merchant.api.AppService?application=merchant-application&category=providers,configurators,routers&check=false&dubbo=2.0.2&interface=com.shanjupay.merchant.api.AppService&lazy=false&methods=queryAppByMerchant,createApp,getAppById&pid=8172&qos.enable=false&qos.port=22310&release=2.7.3&retries=-1&side=consumer&sticky=false&timeout=3000&timestamp=1649574448714, dubbo version: 2.7.3, current host: 172.27.121.163
[${project.name}][${env:SERVER_PORT}] 2022-04-10 15:07:36,771 INFO
            [Thread-9][AbstractRegistry.java:483] -  [DUBBO] Destroy unsubscribe url consumer://172.27.121.163/com.shanjupay.merchant.api.AppService?application=merchant-application&category=providers,configurators,routers&check=false&dubbo=2.0.2&interface=com.shanjupay.merchant.api.AppService&lazy=false&methods=queryAppByMerchant,createApp,getAppById&pid=8172&qos.enable=false&qos.port=22310&release=2.7.3&retries=-1&side=consumer&sticky=false&timeout=3000&timestamp=1649574448714, dubbo version: 2.7.3, current host: 172.27.121.163
[${project.name}][${env:SERVER_PORT}] 2022-04-10 15:07:36,771 INFO
            [Thread-9][AbstractRegistry.java:320] -  [DUBBO] Unsubscribe: consumer://172.27.121.163/com.shanjupay.merchant.api.MerchantService?application=merchant-application&category=providers,configurators,routers&check=false&dubbo=2.0.2&interface=com.shanjupay.merchant.api.MerchantService&lazy=false&methods=queryMerchantById,applyMerchant,createMerchant&pid=8172&qos.enable=false&qos.port=22310&release=2.7.3&retries=-1&side=consumer&sticky=false&timeout=3000&timestamp=1649574450370, dubbo version: 2.7.3, current host: 172.27.121.163
[${project.name}][${env:SERVER_PORT}] 2022-04-10 15:07:36,771 INFO
            [Thread-9][AbstractRegistry.java:483] -  [DUBBO] Destroy unsubscribe url consumer://172.27.121.163/com.shanjupay.merchant.api.MerchantService?application=merchant-application&category=providers,configurators,routers&check=false&dubbo=2.0.2&interface=com.shanjupay.merchant.api.MerchantService&lazy=false&methods=queryMerchantById,applyMerchant,createMerchant&pid=8172&qos.enable=false&qos.port=22310&release=2.7.3&retries=-1&side=consumer&sticky=false&timeout=3000&timestamp=1649574450370, dubbo version: 2.7.3, current host: 172.27.121.163
[${project.name}][${env:SERVER_PORT}] 2022-04-10 15:07:36,771 INFO
            [Thread-9][AbstractRegistry.java:320] -  [DUBBO] Unsubscribe: consumer://172.27.121.163/org.apache.dubbo.rpc.service.GenericService?application=merchant-application&category=providers,configurators,routers&check=false&dubbo=2.0.2&generic=true&group=transaction-service&interface=com.alibaba.cloud.dubbo.service.DubboMetadataService&lazy=false&pid=8172&qos.enable=false&qos.port=22310&release=2.7.3&retries=-1&side=consumer&sticky=false&timeout=3000&timestamp=1649574448973&version=1.0.0, dubbo version: 2.7.3, current host: 172.27.121.163
[${project.name}][${env:SERVER_PORT}] 2022-04-10 15:07:36,771 INFO
            [Thread-9][AbstractRegistry.java:483] -  [DUBBO] Destroy unsubscribe url consumer://172.27.121.163/org.apache.dubbo.rpc.service.GenericService?application=merchant-application&category=providers,configurators,routers&check=false&dubbo=2.0.2&generic=true&group=transaction-service&interface=com.alibaba.cloud.dubbo.service.DubboMetadataService&lazy=false&pid=8172&qos.enable=false&qos.port=22310&release=2.7.3&retries=-1&side=consumer&sticky=false&timeout=3000&timestamp=1649574448973&version=1.0.0, dubbo version: 2.7.3, current host: 172.27.121.163
[${project.name}][${env:SERVER_PORT}] 2022-04-10 15:07:36,772 INFO
            [Thread-9][DubboProtocol.java:654] -  [DUBBO] Close dubbo connect: /192.168.10.1:50040-->/192.168.10.1:20893, dubbo version: 2.7.3, current host: 172.27.121.163
[${project.name}][${env:SERVER_PORT}] 2022-04-10 15:07:36,773 INFO
            [Thread-9][NettyChannel.java:172] -  [DUBBO] Close netty channel [id: 0x59a6301d, L:/192.168.10.1:50040 - R:/192.168.10.1:20893], dubbo version: 2.7.3, current host: 172.27.121.163
[${project.name}][${env:SERVER_PORT}] 2022-04-10 15:07:36,778 INFO
            [Thread-9][DubboProtocol.java:654] -  [DUBBO] Close dubbo connect: /172.27.121.163:50026-->/172.27.121.163:20893, dubbo version: 2.7.3, current host: 172.27.121.163
[${project.name}][${env:SERVER_PORT}] 2022-04-10 15:07:36,779 INFO
            [Thread-9][AbstractProtocol.java:66] -  [DUBBO] Destroy reference: dubbo://172.27.121.163:20893/com.alibaba.cloud.dubbo.service.DubboMetadataService?anyhost=true&application=merchant-application&bind.ip=172.27.121.163&bind.port=20893&check=false&deprecated=false&dubbo=2.0.2&dynamic=true&generic=true&group=transaction-service&interface=com.alibaba.cloud.dubbo.service.DubboMetadataService&lazy=false&methods=getAllServiceKeys,getServiceRestMetadata,getExportedURLs,getAllExportedURLs&pid=8172&qos.enable=false&qos.port=22310&register=true&register.ip=172.27.121.163&release=2.7.3&remote.application=transaction-service&retries=-1&revision=2.1.0.RELEASE&side=consumer&sticky=false&timeout=3000&timestamp=1649571361070&version=1.0.0, dubbo version: 2.7.3, current host: 172.27.121.163
[${project.name}][${env:SERVER_PORT}] 2022-04-10 15:07:36,781 INFO
            [Thread-9][AbstractProtocol.java:66] -  [DUBBO] Destroy reference: dubbo://172.27.121.163:20893/com.alibaba.cloud.dubbo.service.DubboMetadataService?anyhost=true&application=merchant-application&category=providers&check=false&deprecated=false&dubbo=2.0.2&dynamic=true&generic=true&group=transaction-service&interface=com.alibaba.cloud.dubbo.service.DubboMetadataService&lazy=false&methods=getAllServiceKeys,getServiceRestMetadata,getExportedURLs,getAllExportedURLs&path=com.alibaba.cloud.dubbo.service.DubboMetadataService&pid=8172&protocol=dubbo&qos.enable=false&qos.port=22310&register=true&register.ip=172.27.121.163&release=2.7.3&remote.application=transaction-service&retries=-1&revision=2.1.0.RELEASE&side=consumer&sticky=false&timeout=3000&timestamp=1649571361070&version=1.0.0, dubbo version: 2.7.3, current host: 172.27.121.163
[${project.name}][${env:SERVER_PORT}] 2022-04-10 15:07:36,784 INFO
            [Thread-9][NettyChannel.java:172] -  [DUBBO] Close netty channel [id: 0x00400a46, L:/172.27.121.163:50026 - R:/172.27.121.163:20893], dubbo version: 2.7.3, current host: 172.27.121.163
[${project.name}][${env:SERVER_PORT}] 2022-04-10 15:07:36,784 INFO
            [Thread-9][AbstractProtocol.java:66] -  [DUBBO] Destroy reference: dubbo://172.27.121.163:20893/com.shanjupay.transaction.api.PayChannelService?anyhost=true&application=merchant-application&bean.name=ServiceBean:com.shanjupay.transaction.api.PayChannelService&category=providers&check=false&deprecated=false&dubbo=2.0.2&dynamic=true&generic=false&interface=com.shanjupay.transaction.api.PayChannelService&lazy=false&methods=queryPayChannelParamByAppAndPlatform,queryParamByAppPlatformAndPayChannel,queryPlatformChannel,bindPlatformChannelForApp,queryPayChannelByPlatformChannel,queryAppBindPlatformChannel,savePayChannelParam&path=com.shanjupay.transaction.api.PayChannelService&pid=8172&protocol=dubbo&qos.enable=false&qos.port=22310&register=true&register.ip=172.27.121.163&release=2.7.3&remote.application=transaction-service&retries=-1&side=consumer&sticky=false&timeout=3000&timestamp=1649571360471, dubbo version: 2.7.3, current host: 172.27.121.163
[${project.name}][${env:SERVER_PORT}] 2022-04-10 15:07:36,785 INFO
            [Thread-9][AbstractProtocol.java:66] -  [DUBBO] Destroy reference: dubbo://192.168.10.1:20893/com.shanjupay.transaction.api.PayChannelService?anyhost=true&application=merchant-application&bean.name=ServiceBean:com.shanjupay.transaction.api.PayChannelService&check=false&deprecated=false&dubbo=2.0.2&dynamic=true&generic=false&interface=com.shanjupay.transaction.api.PayChannelService&lazy=false&methods=queryPayChannelParamByAppAndPlatform,queryParamByAppPlatformAndPayChannel,queryPlatformChannel,bindPlatformChannelForApp,queryPayChannelByPlatformChannel,queryAppBindPlatformChannel,savePayChannelParam&pid=8172&qos.enable=false&qos.port=22310&register=true&register.ip=172.27.121.163&release=2.7.3&remote.application=transaction-service&retries=-1&side=consumer&sticky=false&timeout=3000&timestamp=1649571360471, dubbo version: 2.7.3, current host: 172.27.121.163
[${project.name}][${env:SERVER_PORT}] 2022-04-10 15:07:36,788 INFO
            [Thread-9][Server.java:112] -  [DUBBO] qos-server stopped., dubbo version: 2.7.3, current host: 172.27.121.163
[${project.name}][${env:SERVER_PORT}] 2022-04-10 15:07:36,794 INFO
            [Thread-9][ExecutorConfigurationSupport.java:208] - Shutting down ExecutorService 'applicationTaskExecutor'
[${project.name}][${env:SERVER_PORT}] 2022-04-10 15:07:36,805 INFO
            [Thread-9][DubboGenericServiceFactory.java:159] - The Dubbo GenericService ReferenceBeans are destroying...
[${project.name}][${env:SERVER_PORT}] 2022-04-10 15:07:36,806 INFO
            [Thread-9][DubboGenericServiceFactory.java:164] - Destroyed the ReferenceBean  : <dubbo:reference singleton="true" prefix="dubbo.reference.com.alibaba.cloud.dubbo.service.DubboMetadataService" interface="com.alibaba.cloud.dubbo.service.DubboMetadataService" generic="true" version="1.0.0" generic="true" group="transaction-service" sticky="false" lazy="false" id="com.alibaba.cloud.dubbo.service.DubboMetadataService" valid="true" /> 
[${project.name}][${env:SERVER_PORT}] 2022-04-10 15:07:36,807 INFO
            [Thread-9][AnnotationInjectedBeanPostProcessor.java:293] - org.apache.dubbo.common.bytecode.proxy1@4c106dec was destroying!
[${project.name}][${env:SERVER_PORT}] 2022-04-10 15:07:36,808 INFO
            [Thread-9][AnnotationInjectedBeanPostProcessor.java:293] - org.apache.dubbo.common.bytecode.proxy2@5851ad9e was destroying!
[${project.name}][${env:SERVER_PORT}] 2022-04-10 15:07:36,808 INFO
            [Thread-9][AnnotationInjectedBeanPostProcessor.java:293] - org.apache.dubbo.common.bytecode.proxy2@5851ad9e was destroying!
[${project.name}][${env:SERVER_PORT}] 2022-04-10 15:07:36,808 INFO
            [Thread-9][AnnotationInjectedBeanPostProcessor.java:293] - org.apache.dubbo.common.bytecode.proxy3@6a76c7ee was destroying!
[${project.name}][${env:SERVER_PORT}] 2022-04-10 15:07:36,810 INFO
            [Thread-9][AnnotationInjectedBeanPostProcessor.java:305] - class org.apache.dubbo.config.spring.beans.factory.annotation.ReferenceAnnotationBeanPostProcessor was destroying!
