[${project.name}][${env:SERVER_PORT}] 2022-04-14 19:26:51,285 INFO [main][StartupInfoLogger.java:50] - Starting SailingBootstrap on DESKTOP-HD08VRP with PID 9748 (C:\Users\tdl\Desktop\CugerPay\code\sailing\target\classes started by tdl in C:\Users\tdl\Desktop\CugerPay\code\sailing)
[${project.name}][${env:SERVER_PORT}] 2022-04-14 19:26:51,332 INFO [main][SpringApplication.java:675] - No active profile set, falling back to default profiles: default
[${project.name}][${env:SERVER_PORT}] 2022-04-14 19:26:53,517 INFO [main][RepositoryConfigurationDelegate.java:244] - Multiple Spring Data modules found, entering strict repository configuration mode!
[${project.name}][${env:SERVER_PORT}] 2022-04-14 19:26:53,523 INFO [main][RepositoryConfigurationDelegate.java:126] - Bootstrapping Spring Data repositories in DEFAULT mode.
[${project.name}][${env:SERVER_PORT}] 2022-04-14 19:26:53,589 INFO [main][RepositoryConfigurationDelegate.java:182] - Finished Spring Data repository scanning in 40ms. Found 0 repository interfaces.
[${project.name}][${env:SERVER_PORT}] 2022-04-14 19:26:55,151 INFO [main][TomcatWebServer.java:90] - Tomcat initialized with port(s): 56085 (http)
[${project.name}][${env:SERVER_PORT}] 2022-04-14 19:26:55,315 INFO [main][DirectJDKLog.java:173] - Initializing ProtocolHandler ["http-nio-56085"]
[${project.name}][${env:SERVER_PORT}] 2022-04-14 19:26:55,331 INFO [main][DirectJDKLog.java:173] - Starting service [Tomcat]
[${project.name}][${env:SERVER_PORT}] 2022-04-14 19:26:55,332 INFO [main][DirectJDKLog.java:173] - Starting Servlet engine: [Apache Tomcat/9.0.16]
[${project.name}][${env:SERVER_PORT}] 2022-04-14 19:26:55,343 INFO [main][DirectJDKLog.java:173] - The APR based Apache Tomcat Native library which allows optimal performance in production environments was not found on the java.library.path: [C:\Program Files\Java\jdk1.8.0_301\bin;C:\Windows\Sun\Java\bin;C:\Windows\system32;C:\Windows;D:\VMware16_pro\bin\;C:\Program Files (x86)\Common Files\Oracle\Java\javapath;C:\Windows\system32;C:\Windows;C:\Windows\System32\Wbem;C:\Windows\System32\WindowsPowerShell\v1.0\;C:\Windows\System32\OpenSSH\;C:\Program Files\Java\jdk1.8.0_301\bin\;C:\Program Files\Java\jdk1.8.0_301\jre\bin\;E:\chromedriver_win32\;C:\Program Files\Git\cmd;E:\putty\;D:\androidsdk\platform-tools\;C:\Program Files\Microsoft SQL Server\130\Tools\Binn\;F:\Program Files (x86)\MATLAB\R2016a\runtime\win64;F:\Program Files (x86)\MATLAB\R2016a\bin;F:\Program Files (x86)\MATLAB\R2016a\polyspace\bin;";%MAVEN_HOME%\bin";D:\yarn\bin\;C:\Users\tdl\Desktop\CugerPay\code\project-juhezhifu-admin-vue\node_modules\.bin;D:\nodejs\;D:\Ancona3;D:\Ancona3\Library\mingw-w64\bin;D:\Ancona3\Library\usr\bin;D:\Ancona3\Library\bin;D:\Ancona3\Scripts;C:\Users\tdl\AppData\Local\Microsoft\WindowsApps;E:\IntelliJ IDEA 2021.2.2\bin;;E:\Microsoft VS Code\bin;E:\PyCharm 2021.2.2\bin;;C:\Users\tdl\AppData\Local\Yarn\bin;C:\Users\tdl\AppData\Roaming\npm;.]
[${project.name}][${env:SERVER_PORT}] 2022-04-14 19:26:55,544 INFO [main][DirectJDKLog.java:173] - Initializing Spring embedded WebApplicationContext
[${project.name}][${env:SERVER_PORT}] 2022-04-14 19:26:55,545 INFO [main][ServletWebServerApplicationContext.java:296] - Root WebApplicationContext: initialization completed in 4165 ms
[${project.name}][${env:SERVER_PORT}] 2022-04-14 19:26:57,398 INFO [main][EndpointLinksResolver.java:59] - Exposing 2 endpoint(s) beneath base path '/actuator'
[${project.name}][${env:SERVER_PORT}] 2022-04-14 19:26:57,547 INFO [main][PropertySourcedRequestMappingHandlerMapping.java:69] - Mapped URL path [/v2/api-docs] onto method [public org.springframework.http.ResponseEntity<springfox.documentation.spring.web.json.Json> springfox.documentation.swagger2.web.Swagger2Controller.getDocumentation(java.lang.String,javax.servlet.http.HttpServletRequest)]
[${project.name}][${env:SERVER_PORT}] 2022-04-14 19:26:57,881 INFO [main][ExecutorConfigurationSupport.java:171] - Initializing ExecutorService 'applicationTaskExecutor'
[${project.name}][${env:SERVER_PORT}] 2022-04-14 19:26:58,525 INFO [main][DocumentationPluginsBootstrapper.java:160] - Context refreshed
[${project.name}][${env:SERVER_PORT}] 2022-04-14 19:26:58,554 INFO [main][DocumentationPluginsBootstrapper.java:163] - Found 1 custom documentation plugin(s)
[${project.name}][${env:SERVER_PORT}] 2022-04-14 19:26:58,606 INFO [main][ApiListingReferenceScanner.java:41] - Scanning for api listing references
[${project.name}][${env:SERVER_PORT}] 2022-04-14 19:26:58,922 INFO [main][DirectJDKLog.java:173] - Starting ProtocolHandler ["http-nio-56085"]
[${project.name}][${env:SERVER_PORT}] 2022-04-14 19:26:58,951 INFO [main][TomcatWebServer.java:204] - Tomcat started on port(s): 56085 (http) with context path '/sailing'
[${project.name}][${env:SERVER_PORT}] 2022-04-14 19:26:58,955 INFO [main][StartupInfoLogger.java:59] - Started SailingBootstrap in 8.36 seconds (JVM running for 13.356)
[${project.name}][${env:SERVER_PORT}] 2022-04-14 19:27:01,183 INFO [RMI TCP Connection(5)-172.27.176.189][DirectJDKLog.java:173] - Initializing Spring DispatcherServlet 'dispatcherServlet'
[${project.name}][${env:SERVER_PORT}] 2022-04-14 19:27:01,184 INFO [RMI TCP Connection(5)-172.27.176.189][FrameworkServlet.java:524] - Initializing Servlet 'dispatcherServlet'
[${project.name}][${env:SERVER_PORT}] 2022-04-14 19:27:01,197 INFO [RMI TCP Connection(5)-172.27.176.189][FrameworkServlet.java:546] - Completed initialization in 13 ms
[${project.name}][${env:SERVER_PORT}] 2022-04-14 19:27:01,401 INFO [RMI TCP Connection(6)-172.27.176.189][EpollProvider.java:68] - Starting without optional epoll library
[${project.name}][${env:SERVER_PORT}] 2022-04-14 19:27:01,405 INFO [RMI TCP Connection(6)-172.27.176.189][KqueueProvider.java:70] - Starting without optional kqueue library
[${project.name}][${env:SERVER_PORT}] 2022-04-14 19:33:30,692 INFO [http-nio-56085-exec-1][QCloudSmsService.java:56] - 给手机号15884113646发送验证码：239641
