[${project.name}][${env:SERVER_PORT}] 2022-04-05 16:57:53,938 INFO [main][StartupInfoLogger.java:50] - Starting SailingBootstrap on DESKTOP-HD08VRP with PID 16456 (started by tdl in C:\Users\tdl\Desktop\闪聚支付\code\sailing)
[${project.name}][${env:SERVER_PORT}] 2022-04-05 16:57:53,943 INFO [main][SpringApplication.java:675] - No active profile set, falling back to default profiles: default
[${project.name}][${env:SERVER_PORT}] 2022-04-05 16:57:55,168 INFO [main][RepositoryConfigurationDelegate.java:244] - Multiple Spring Data modules found, entering strict repository configuration mode!
[${project.name}][${env:SERVER_PORT}] 2022-04-05 16:57:55,172 INFO [main][RepositoryConfigurationDelegate.java:126] - Bootstrapping Spring Data repositories in DEFAULT mode.
[${project.name}][${env:SERVER_PORT}] 2022-04-05 16:57:55,207 INFO [main][RepositoryConfigurationDelegate.java:182] - Finished Spring Data repository scanning in 20ms. Found 0 repository interfaces.
[${project.name}][${env:SERVER_PORT}] 2022-04-05 16:57:55,674 INFO [main][TomcatWebServer.java:90] - Tomcat initialized with port(s): 56085 (http)
[${project.name}][${env:SERVER_PORT}] 2022-04-05 16:57:55,747 INFO [main][DirectJDKLog.java:173] - Initializing ProtocolHandler ["http-nio-56085"]
[${project.name}][${env:SERVER_PORT}] 2022-04-05 16:57:55,754 INFO [main][DirectJDKLog.java:173] - Starting service [Tomcat]
[${project.name}][${env:SERVER_PORT}] 2022-04-05 16:57:55,755 INFO [main][DirectJDKLog.java:173] - Starting Servlet engine: [Apache Tomcat/9.0.16]
[${project.name}][${env:SERVER_PORT}] 2022-04-05 16:57:55,761 INFO [main][DirectJDKLog.java:173] - The APR based Apache Tomcat Native library which allows optimal performance in production environments was not found on the java.library.path: [C:\Program Files\Java\jdk1.8.0_301\bin;C:\Windows\Sun\Java\bin;C:\Windows\system32;C:\Windows;D:\VMware16_pro\bin\;C:\Program Files (x86)\Common Files\Oracle\Java\javapath;C:\Windows\system32;C:\Windows;C:\Windows\System32\Wbem;C:\Windows\System32\WindowsPowerShell\v1.0\;C:\Windows\System32\OpenSSH\;E:\nodejs\;C:\Program Files\Java\jdk1.8.0_301\bin\;C:\Program Files\Java\jdk1.8.0_301\jre\bin\;E:\chromedriver_win32\;C:\Program Files\Git\cmd;E:\putty\;D:\androidsdk\platform-tools\;C:\Program Files\Microsoft SQL Server\130\Tools\Binn\;D:\hadoop_windows_dependency-master\hadoop-3.1.0\bin\;F:\Program Files (x86)\MATLAB\R2016a\runtime\win64;F:\Program Files (x86)\MATLAB\R2016a\bin;F:\Program Files (x86)\MATLAB\R2016a\polyspace\bin;";%MAVEN_HOME%\bin";D:\Ancona3;D:\Ancona3\Library\mingw-w64\bin;D:\Ancona3\Library\usr\bin;D:\Ancona3\Library\bin;D:\Ancona3\Scripts;C:\Users\tdl\AppData\Local\Microsoft\WindowsApps;E:\IntelliJ IDEA 2021.2.2\bin;;C:\Users\tdl\AppData\Roaming\npm;E:\Microsoft VS Code\bin;E:\PyCharm 2021.2.2\bin;;.]
[${project.name}][${env:SERVER_PORT}] 2022-04-05 16:57:55,838 INFO [main][DirectJDKLog.java:173] - Initializing Spring embedded WebApplicationContext
[${project.name}][${env:SERVER_PORT}] 2022-04-05 16:57:55,839 INFO [main][ServletWebServerApplicationContext.java:296] - Root WebApplicationContext: initialization completed in 1871 ms
[${project.name}][${env:SERVER_PORT}] 2022-04-05 16:57:56,479 INFO [main][EndpointLinksResolver.java:59] - Exposing 2 endpoint(s) beneath base path '/actuator'
[${project.name}][${env:SERVER_PORT}] 2022-04-05 16:57:56,532 INFO [main][PropertySourcedRequestMappingHandlerMapping.java:69] - Mapped URL path [/v2/api-docs] onto method [public org.springframework.http.ResponseEntity<springfox.documentation.spring.web.json.Json> springfox.documentation.swagger2.web.Swagger2Controller.getDocumentation(java.lang.String,javax.servlet.http.HttpServletRequest)]
[${project.name}][${env:SERVER_PORT}] 2022-04-05 16:57:56,625 INFO [main][ExecutorConfigurationSupport.java:171] - Initializing ExecutorService 'applicationTaskExecutor'
[${project.name}][${env:SERVER_PORT}] 2022-04-05 16:57:56,857 INFO [main][DocumentationPluginsBootstrapper.java:160] - Context refreshed
[${project.name}][${env:SERVER_PORT}] 2022-04-05 16:57:56,873 INFO [main][DocumentationPluginsBootstrapper.java:163] - Found 1 custom documentation plugin(s)
[${project.name}][${env:SERVER_PORT}] 2022-04-05 16:57:56,895 INFO [main][ApiListingReferenceScanner.java:41] - Scanning for api listing references
[${project.name}][${env:SERVER_PORT}] 2022-04-05 16:57:57,009 INFO [main][DirectJDKLog.java:173] - Starting ProtocolHandler ["http-nio-56085"]
[${project.name}][${env:SERVER_PORT}] 2022-04-05 16:57:57,031 INFO [main][TomcatWebServer.java:204] - Tomcat started on port(s): 56085 (http) with context path '/sailing'
[${project.name}][${env:SERVER_PORT}] 2022-04-05 16:57:57,034 INFO [main][StartupInfoLogger.java:59] - Started SailingBootstrap in 3.423 seconds (JVM running for 6.482)
[${project.name}][${env:SERVER_PORT}] 2022-04-05 16:57:57,873 INFO [RMI TCP Connection(2)-172.27.156.73][DirectJDKLog.java:173] - Initializing Spring DispatcherServlet 'dispatcherServlet'
[${project.name}][${env:SERVER_PORT}] 2022-04-05 16:57:57,873 INFO [RMI TCP Connection(2)-172.27.156.73][FrameworkServlet.java:524] - Initializing Servlet 'dispatcherServlet'
[${project.name}][${env:SERVER_PORT}] 2022-04-05 16:57:57,879 INFO [RMI TCP Connection(2)-172.27.156.73][FrameworkServlet.java:546] - Completed initialization in 6 ms
[${project.name}][${env:SERVER_PORT}] 2022-04-05 16:57:57,963 INFO [RMI TCP Connection(3)-172.27.156.73][EpollProvider.java:68] - Starting without optional epoll library
[${project.name}][${env:SERVER_PORT}] 2022-04-05 16:57:57,964 INFO [RMI TCP Connection(3)-172.27.156.73][KqueueProvider.java:70] - Starting without optional kqueue library
[${project.name}][${env:SERVER_PORT}] 2022-04-05 16:59:26,052 INFO [http-nio-56085-exec-1][QCloudSmsService.java:37] - 给手机号15884113649发送验证码：070140
[${project.name}][${env:SERVER_PORT}] 2022-04-05 16:59:27,276 WARN [http-nio-56085-exec-1][QCloudSmsService.java:50] - QCloud return: {"result":1025,"errmsg":"\u624B\u673A\u53F7\u65E5\u9891\u7387\u9650\u5236","ext":"","isocode":"CN"}
